#
# There is insufficient memory for the Java Runtime Environment to continue.
# Native memory allocation (mmap) failed to map 75497472 bytes. Error detail: G1 virtual space
# Possible reasons:
#   The system is out of physical RAM or swap space
#   This process is running with CompressedOops enabled, and the Java Heap may be blocking the growth of the native heap
# Possible solutions:
#   Reduce memory load on the system
#   Increase physical memory or swap space
#   Check if swap backing store is full
#   Decrease Java heap size (-Xmx/-Xms)
#   Decrease number of Java threads
#   Decrease Java thread stack sizes (-Xss)
#   Set larger code cache with -XX:ReservedCodeCacheSize=
#   JVM is running with Zero Based Compressed Oops mode in which the Java heap is
#     placed in the first 32GB address space. The Java Heap base address is the
#     maximum limit for the native heap growth. Please use -XX:HeapBaseMinAddress
#     to set the Java Heap base and to place the Java Heap above 32GB virtual address.
# This output file may be truncated or incomplete.
#
#  Out of Memory Error (os_windows.cpp:3736), pid=25284, tid=4720
#
# JRE version: OpenJDK Runtime Environment Microsoft-11933218 (21.0.8+9) (build 21.0.8+9-LTS)
# Java VM: OpenJDK 64-Bit Server VM Microsoft-11933218 (21.0.8+9-LTS, mixed mode, sharing, tiered, compressed oops, compressed class ptrs, g1 gc, windows-amd64)
# No core dump will be written. Minidumps are not enabled by default on client versions of Windows
#

---------------  S U M M A R Y ------------

Command Line: -javaagent:C:\Program Files\JetBrains\IntelliJ IDEA Community Edition 2023.1.2\lib\idea_rt.jar=52882:C:\Program Files\JetBrains\IntelliJ IDEA Community Edition 2023.1.2\bin -Dfile.encoding=UTF-8 -Dsun.stdout.encoding=UTF-8 -Dsun.stderr.encoding=UTF-8 com.example.demo.InventoryServiceApplication

Host: AMD Ryzen 7 1700 Eight-Core Processor          , 16 cores, 15G,  Windows 10 , 64 bit Build 19041 (10.0.19041.5915)
Time: Sat Sep 13 15:15:29 2025 Hora de verano romance elapsed time: 12.538442 seconds (0d 0h 0m 12s)

---------------  T H R E A D  ---------------

Current thread (0x000001f3fb0cb1b0):  VMThread "VM Thread"          [id=4720, stack(0x00000013c3f00000,0x00000013c4000000) (1024K)]

Stack: [0x00000013c3f00000,0x00000013c4000000]
Native frames: (J=compiled Java code, j=interpreted, Vv=VM code, C=native code)
V  [jvm.dll+0x6e1729]
V  [jvm.dll+0x8bf47b]
V  [jvm.dll+0x8c19aa]
V  [jvm.dll+0x8c2083]
V  [jvm.dll+0x289fd6]
V  [jvm.dll+0x6de085]
V  [jvm.dll+0x6d218a]
V  [jvm.dll+0x366f6e]
V  [jvm.dll+0x36ee1b]
V  [jvm.dll+0x3c06b9]
V  [jvm.dll+0x3c095b]
V  [jvm.dll+0x33a8b7]
V  [jvm.dll+0x33a947]
V  [jvm.dll+0x37f68c]
V  [jvm.dll+0x37de6e]
V  [jvm.dll+0x33a011]
V  [jvm.dll+0x37d4da]
V  [jvm.dll+0x8c7def]
V  [jvm.dll+0x8c92fc]
V  [jvm.dll+0x8c9874]
V  [jvm.dll+0x8c9973]
V  [jvm.dll+0x86975d]
V  [jvm.dll+0x6dff2d]
C  [ucrtbase.dll+0x21bb2]
C  [KERNEL32.DLL+0x17374]
C  [ntdll.dll+0x4cc91]

VM_Operation (0x00000013c38fd040): G1CollectForAllocation, mode: safepoint, requested by thread 0x000001f3ea1cf090


---------------  P R O C E S S  ---------------

Threads class SMR info:
_java_thread_list=0x000001f3dafb15e0, length=37, elements={
0x000001f3ea1cf090, 0x000001f3fb0ed5c0, 0x000001f3fb0ee680, 0x000001f3fb0f5ad0,
0x000001f3fb0f3a00, 0x000001f3fb0f2ce0, 0x000001f3fb0f5440, 0x000001f3fb0fffc0,
0x000001f3fb100660, 0x000001f3fb0f3370, 0x000001f3d410f8b0, 0x000001f3d4110110,
0x000001f3fb0f4090, 0x000001f3fb0f4720, 0x000001f3d55842d0, 0x000001f3fb0f4db0,
0x000001f3d7654a20, 0x000001f3d7657180, 0x000001f3d7652950, 0x000001f3d7651c30,
0x000001f3d64a0ef0, 0x000001f3d4275400, 0x000001f3d9e31780, 0x000001f3d59c6c20,
0x000001f3d7387100, 0x000001f3d7652fe0, 0x000001f3d7650f10, 0x000001f3d7657810,
0x000001f3d76522c0, 0x000001f3d7653670, 0x000001f3d7655740, 0x000001f3d7657ea0,
0x000001f3d7653d00, 0x000001f3d7654390, 0x000001f3d7655dd0, 0x000001f3d7656460,
0x000001f3d7658530
}

Java Threads: ( => current thread )
  0x000001f3ea1cf090 JavaThread "main"                              [_thread_blocked, id=26268, stack(0x00000013c3800000,0x00000013c3900000) (1024K)]
  0x000001f3fb0ed5c0 JavaThread "Reference Handler"          daemon [_thread_blocked, id=7188, stack(0x00000013c4000000,0x00000013c4100000) (1024K)]
  0x000001f3fb0ee680 JavaThread "Finalizer"                  daemon [_thread_blocked, id=19588, stack(0x00000013c4100000,0x00000013c4200000) (1024K)]
  0x000001f3fb0f5ad0 JavaThread "Signal Dispatcher"          daemon [_thread_blocked, id=25928, stack(0x00000013c4200000,0x00000013c4300000) (1024K)]
  0x000001f3fb0f3a00 JavaThread "Attach Listener"            daemon [_thread_blocked, id=16388, stack(0x00000013c4300000,0x00000013c4400000) (1024K)]
  0x000001f3fb0f2ce0 JavaThread "Service Thread"             daemon [_thread_blocked, id=7936, stack(0x00000013c4400000,0x00000013c4500000) (1024K)]
  0x000001f3fb0f5440 JavaThread "Monitor Deflation Thread"   daemon [_thread_blocked, id=17716, stack(0x00000013c4500000,0x00000013c4600000) (1024K)]
  0x000001f3fb0fffc0 JavaThread "C2 CompilerThread0"         daemon [_thread_blocked, id=25736, stack(0x00000013c4600000,0x00000013c4700000) (1024K)]
  0x000001f3fb100660 JavaThread "C1 CompilerThread0"         daemon [_thread_blocked, id=26144, stack(0x00000013c4700000,0x00000013c4800000) (1024K)]
  0x000001f3fb0f3370 JavaThread "Common-Cleaner"             daemon [_thread_blocked, id=22476, stack(0x00000013c4800000,0x00000013c4900000) (1024K)]
  0x000001f3d410f8b0 JavaThread "C1 CompilerThread1"         daemon [_thread_blocked, id=4816, stack(0x00000013c4900000,0x00000013c4a00000) (1024K)]
  0x000001f3d4110110 JavaThread "C1 CompilerThread2"         daemon [_thread_blocked, id=13172, stack(0x00000013c4a00000,0x00000013c4b00000) (1024K)]
  0x000001f3fb0f4090 JavaThread "Monitor Ctrl-Break"         daemon [_thread_in_native, id=25704, stack(0x00000013c4c00000,0x00000013c4d00000) (1024K)]
  0x000001f3fb0f4720 JavaThread "Notification Thread"        daemon [_thread_blocked, id=1088, stack(0x00000013c4d00000,0x00000013c4e00000) (1024K)]
  0x000001f3d55842d0 JavaThread "C1 CompilerThread3"         daemon [_thread_blocked, id=6964, stack(0x00000013c5500000,0x00000013c5600000) (1024K)]
  0x000001f3fb0f4db0 JavaThread "Catalina-utility-1"                [_thread_blocked, id=1824, stack(0x00000013c6100000,0x00000013c6200000) (1024K)]
  0x000001f3d7654a20 JavaThread "Catalina-utility-2"                [_thread_blocked, id=24260, stack(0x00000013c6200000,0x00000013c6300000) (1024K)]
  0x000001f3d7657180 JavaThread "container-0"                       [_thread_blocked, id=26544, stack(0x00000013c6300000,0x00000013c6400000) (1024K)]
  0x000001f3d7652950 JavaThread "PostgreSQL-JDBC-Cleaner"    daemon [_thread_blocked, id=25340, stack(0x00000013c5f00000,0x00000013c6000000) (1024K)]
  0x000001f3d7651c30 JavaThread "HikariPool-1 housekeeper"   daemon [_thread_blocked, id=2896, stack(0x00000013c6000000,0x00000013c6100000) (1024K)]
  0x000001f3d64a0ef0 JavaThread "C2 CompilerThread1"         daemon [_thread_blocked, id=25556, stack(0x00000013c4b00000,0x00000013c4c00000) (1024K)]
  0x000001f3d4275400 JavaThread "C2 CompilerThread2"         daemon [_thread_blocked, id=22704, stack(0x00000013c4e00000,0x00000013c4f00000) (1024K)]
  0x000001f3d9e31780 JavaThread "C2 CompilerThread3"         daemon [_thread_blocked, id=25860, stack(0x00000013c5400000,0x00000013c5500000) (1024K)]
  0x000001f3d59c6c20 JavaThread "C2 CompilerThread4"         daemon [_thread_blocked, id=24000, stack(0x00000013c6600000,0x00000013c6700000) (1024K)]
  0x000001f3d7387100 JavaThread "C2 CompilerThread5"         daemon [_thread_in_native, id=6868, stack(0x00000013c6700000,0x00000013c6800000) (1024K)]
  0x000001f3d7652fe0 JavaThread "http-nio-8080-exec-1"       daemon [_thread_blocked, id=24528, stack(0x00000013c6900000,0x00000013c6a00000) (1024K)]
  0x000001f3d7650f10 JavaThread "http-nio-8080-exec-2"       daemon [_thread_blocked, id=1428, stack(0x00000013c6a00000,0x00000013c6b00000) (1024K)]
  0x000001f3d7657810 JavaThread "http-nio-8080-exec-3"       daemon [_thread_blocked, id=24220, stack(0x00000013c6b00000,0x00000013c6c00000) (1024K)]
  0x000001f3d76522c0 JavaThread "http-nio-8080-exec-4"       daemon [_thread_blocked, id=24712, stack(0x00000013c6c00000,0x00000013c6d00000) (1024K)]
  0x000001f3d7653670 JavaThread "http-nio-8080-exec-5"       daemon [_thread_blocked, id=24956, stack(0x00000013c6d00000,0x00000013c6e00000) (1024K)]
  0x000001f3d7655740 JavaThread "http-nio-8080-exec-6"       daemon [_thread_blocked, id=25880, stack(0x00000013c6e00000,0x00000013c6f00000) (1024K)]
  0x000001f3d7657ea0 JavaThread "http-nio-8080-exec-7"       daemon [_thread_blocked, id=23732, stack(0x00000013c6f00000,0x00000013c7000000) (1024K)]
  0x000001f3d7653d00 JavaThread "http-nio-8080-exec-8"       daemon [_thread_blocked, id=5068, stack(0x00000013c7000000,0x00000013c7100000) (1024K)]
  0x000001f3d7654390 JavaThread "http-nio-8080-exec-9"       daemon [_thread_blocked, id=24872, stack(0x00000013c7100000,0x00000013c7200000) (1024K)]
  0x000001f3d7655dd0 JavaThread "http-nio-8080-exec-10"      daemon [_thread_blocked, id=24648, stack(0x00000013c7200000,0x00000013c7300000) (1024K)]
  0x000001f3d7656460 JavaThread "http-nio-8080-Poller"       daemon [_thread_in_native, id=12932, stack(0x00000013c7300000,0x00000013c7400000) (1024K)]
  0x000001f3d7658530 JavaThread "http-nio-8080-Acceptor"     daemon [_thread_in_native, id=6944, stack(0x00000013c6500000,0x00000013c6600000) (1024K)]
Total: 37

Other Threads:
=>0x000001f3fb0cb1b0 VMThread "VM Thread"                           [id=4720, stack(0x00000013c3f00000,0x00000013c4000000) (1024K)]
  0x000001f3fb0b9fe0 WatcherThread "VM Periodic Task Thread"        [id=22208, stack(0x00000013c3e00000,0x00000013c3f00000) (1024K)]
  0x000001f3ea238320 WorkerThread "GC Thread#0"                     [id=26260, stack(0x00000013c3900000,0x00000013c3a00000) (1024K)]
  0x000001f3d50f2b20 WorkerThread "GC Thread#1"                     [id=15556, stack(0x00000013c4f00000,0x00000013c5000000) (1024K)]
  0x000001f3d4dc45d0 WorkerThread "GC Thread#2"                     [id=20132, stack(0x00000013c5000000,0x00000013c5100000) (1024K)]
  0x000001f3d4dc4970 WorkerThread "GC Thread#3"                     [id=23952, stack(0x00000013c5100000,0x00000013c5200000) (1024K)]
  0x000001f3d4e26db0 WorkerThread "GC Thread#4"                     [id=3920, stack(0x00000013c5200000,0x00000013c5300000) (1024K)]
  0x000001f3d50f7230 WorkerThread "GC Thread#5"                     [id=18104, stack(0x00000013c5300000,0x00000013c5400000) (1024K)]
  0x000001f3d5583f00 WorkerThread "GC Thread#6"                     [id=13100, stack(0x00000013c5600000,0x00000013c5700000) (1024K)]
  0x000001f3d57b7710 WorkerThread "GC Thread#7"                     [id=5984, stack(0x00000013c5700000,0x00000013c5800000) (1024K)]
  0x000001f3d57b7ab0 WorkerThread "GC Thread#8"                     [id=7440, stack(0x00000013c5800000,0x00000013c5900000) (1024K)]
  0x000001f3d55fff80 WorkerThread "GC Thread#9"                     [id=25264, stack(0x00000013c5900000,0x00000013c5a00000) (1024K)]
  0x000001f3d55ff840 WorkerThread "GC Thread#10"                    [id=13996, stack(0x00000013c5a00000,0x00000013c5b00000) (1024K)]
  0x000001f3d55fed60 WorkerThread "GC Thread#11"                    [id=8232, stack(0x00000013c5b00000,0x00000013c5c00000) (1024K)]
  0x000001f3d55ff100 WorkerThread "GC Thread#12"                    [id=7624, stack(0x00000013c5c00000,0x00000013c5d00000) (1024K)]
  0x000001f3ea249400 ConcurrentGCThread "G1 Main Marker"            [id=23744, stack(0x00000013c3a00000,0x00000013c3b00000) (1024K)]
  0x000001f3ea24a6a0 WorkerThread "G1 Conc#0"                       [id=17480, stack(0x00000013c3b00000,0x00000013c3c00000) (1024K)]
  0x000001f3d55ff4a0 WorkerThread "G1 Conc#1"                       [id=25356, stack(0x00000013c5d00000,0x00000013c5e00000) (1024K)]
  0x000001f3d799b400 WorkerThread "G1 Conc#2"                       [id=23832, stack(0x00000013c5e00000,0x00000013c5f00000) (1024K)]
  0x000001f3faf79680 ConcurrentGCThread "G1 Refine#0"               [id=22252, stack(0x00000013c3c00000,0x00000013c3d00000) (1024K)]
  0x000001f3faf79f90 ConcurrentGCThread "G1 Service"                [id=21064, stack(0x00000013c3d00000,0x00000013c3e00000) (1024K)]
Total: 21

Threads with active compile tasks:
C2 CompilerThread0  12576 7780   !   4       jdk.internal.reflect.DirectConstructorHandleAccessor::newInstance (130 bytes)
C2 CompilerThread3  12576 7779       4       java.lang.reflect.Constructor::newInstanceWithCaller (51 bytes)
C2 CompilerThread4  12576 7769       4       java.lang.AbstractStringBuilder::appendChars (130 bytes)
C2 CompilerThread5  12576 7661   !   4       org.springframework.beans.factory.support.DefaultListableBeanFactory::doGetBeanNamesForType (505 bytes)
Total: 4

VM state: at safepoint (normal execution)

VM Mutex/Monitor currently owned by a thread:  ([mutex/lock_event])
[0x00007ff9c28ea7c8] Threads_lock - owner thread: 0x000001f3fb0cb1b0
[0x00007ff9c28ea8c8] Heap_lock - owner thread: 0x000001f3ea1cf090

Heap address: 0x0000000700a00000, size: 4086 MB, Compressed Oops mode: Zero based, Oop shift amount: 3

CDS archive(s) mapped at: [0x000001f38f000000-0x000001f38fc80000-0x000001f38fc80000), size 13107200, SharedBaseAddress: 0x000001f38f000000, ArchiveRelocationMode: 1.
Compressed class space mapped at: 0x000001f390000000-0x000001f3d0000000, reserved size: 1073741824
Narrow klass base: 0x000001f38f000000, Narrow klass shift: 0, Narrow klass range: 0x100000000

GC Precious Log:
 CardTable entry size: 512
 Card Set container configuration: InlinePtr #cards 4 size 8 Array Of Cards #cards 16 size 48 Howl #buckets 8 coarsen threshold 3686 Howl Bitmap #cards 512 size 80 coarsen threshold 460 Card regions per heap region 1 cards per card region 4096
 CPUs: 16 total, 16 available
 Memory: 16336M
 Large Page Support: Disabled
 NUMA Support: Disabled
 Compressed Oops: Enabled (Zero based)
 Heap Region Size: 2M
 Heap Min Capacity: 8M
 Heap Initial Capacity: 256M
 Heap Max Capacity: 4086M
 Pre-touch: Disabled
 Parallel Workers: 13
 Concurrent Workers: 3
 Concurrent Refinement Workers: 13
 Periodic GC: Disabled

Heap:
 garbage-first heap   total 131072K, used 69050K [0x0000000700a00000, 0x0000000800000000)
  region size 2048K, 2 young (4096K), 2 survivors (4096K)
 Metaspace       used 69910K, committed 70848K, reserved 1114112K
  class space    used 9505K, committed 9920K, reserved 1048576K

Heap Regions: E=young(eden), S=young(survivor), O=old, HS=humongous(starts), HC=humongous(continues), CS=collection set, F=free, TAMS=top-at-mark-start, PB=parsable bottom
|   0|0x0000000700a00000, 0x0000000700c00000, 0x0000000700c00000|100%| O|  |TAMS 0x0000000700a00000| PB 0x0000000700a00000| Untracked 
|   1|0x0000000700c00000, 0x0000000700e00000, 0x0000000700e00000|100%| O|  |TAMS 0x0000000700c00000| PB 0x0000000700c00000| Untracked 
|   2|0x0000000700e00000, 0x0000000701000000, 0x0000000701000000|100%| O|  |TAMS 0x0000000700e00000| PB 0x0000000700e00000| Untracked 
|   3|0x0000000701000000, 0x0000000701200000, 0x0000000701200000|100%| O|  |TAMS 0x0000000701000000| PB 0x0000000701000000| Untracked 
|   4|0x0000000701200000, 0x0000000701400000, 0x0000000701400000|100%| O|  |TAMS 0x0000000701200000| PB 0x0000000701200000| Untracked 
|   5|0x0000000701400000, 0x0000000701600000, 0x0000000701600000|100%| O|  |TAMS 0x0000000701400000| PB 0x0000000701400000| Untracked 
|   6|0x0000000701600000, 0x0000000701800000, 0x0000000701800000|100%| O|  |TAMS 0x0000000701600000| PB 0x0000000701600000| Untracked 
|   7|0x0000000701800000, 0x0000000701a00000, 0x0000000701a00000|100%| O|  |TAMS 0x0000000701800000| PB 0x0000000701800000| Untracked 
|   8|0x0000000701a00000, 0x0000000701c00000, 0x0000000701c00000|100%| O|  |TAMS 0x0000000701a00000| PB 0x0000000701a00000| Untracked 
|   9|0x0000000701c00000, 0x0000000701e00000, 0x0000000701e00000|100%| O|  |TAMS 0x0000000701c00000| PB 0x0000000701c00000| Untracked 
|  10|0x0000000701e00000, 0x0000000702000000, 0x0000000702000000|100%| O|  |TAMS 0x0000000701e00000| PB 0x0000000701e00000| Untracked 
|  11|0x0000000702000000, 0x0000000702200000, 0x0000000702200000|100%| O|  |TAMS 0x0000000702000000| PB 0x0000000702000000| Untracked 
|  12|0x0000000702200000, 0x0000000702400000, 0x0000000702400000|100%| O|  |TAMS 0x0000000702200000| PB 0x0000000702200000| Untracked 
|  13|0x0000000702400000, 0x0000000702600000, 0x0000000702600000|100%| O|  |TAMS 0x0000000702400000| PB 0x0000000702400000| Untracked 
|  14|0x0000000702600000, 0x0000000702800000, 0x0000000702800000|100%| O|  |TAMS 0x0000000702600000| PB 0x0000000702600000| Untracked 
|  15|0x0000000702800000, 0x0000000702a00000, 0x0000000702a00000|100%| O|Cm|TAMS 0x0000000702800000| PB 0x0000000702800000| Complete 
|  16|0x0000000702a00000, 0x0000000702a00000, 0x0000000702c00000|  0%| F|  |TAMS 0x0000000702a00000| PB 0x0000000702a00000| Untracked 
|  17|0x0000000702c00000, 0x0000000702e00000, 0x0000000702e00000|100%| O|  |TAMS 0x0000000702c00000| PB 0x0000000702c00000| Untracked 
|  18|0x0000000702e00000, 0x0000000703000000, 0x0000000703000000|100%| O|Cm|TAMS 0x0000000702e00000| PB 0x0000000702e00000| Complete 
|  19|0x0000000703000000, 0x0000000703000000, 0x0000000703200000|  0%| F|  |TAMS 0x0000000703000000| PB 0x0000000703000000| Untracked 
|  20|0x0000000703200000, 0x0000000703200000, 0x0000000703400000|  0%| F|  |TAMS 0x0000000703200000| PB 0x0000000703200000| Untracked 
|  21|0x0000000703400000, 0x0000000703400000, 0x0000000703600000|  0%| F|  |TAMS 0x0000000703400000| PB 0x0000000703400000| Untracked 
|  22|0x0000000703600000, 0x0000000703600000, 0x0000000703800000|  0%| F|  |TAMS 0x0000000703600000| PB 0x0000000703600000| Untracked 
|  23|0x0000000703800000, 0x0000000703a00000, 0x0000000703a00000|100%| O|  |TAMS 0x0000000703800000| PB 0x0000000703800000| Untracked 
|  24|0x0000000703a00000, 0x0000000703c00000, 0x0000000703c00000|100%| O|Cm|TAMS 0x0000000703a00000| PB 0x0000000703a00000| Complete 
|  25|0x0000000703c00000, 0x0000000703e00000, 0x0000000703e00000|100%| O|  |TAMS 0x0000000703c00000| PB 0x0000000703c00000| Untracked 
|  26|0x0000000703e00000, 0x0000000704000000, 0x0000000704000000|100%| O|  |TAMS 0x0000000703e00000| PB 0x0000000703e00000| Untracked 
|  27|0x0000000704000000, 0x0000000704000000, 0x0000000704200000|  0%| F|  |TAMS 0x0000000704000000| PB 0x0000000704000000| Untracked 
|  28|0x0000000704200000, 0x0000000704400000, 0x0000000704400000|100%| O|Cm|TAMS 0x0000000704200000| PB 0x0000000704200000| Complete 
|  29|0x0000000704400000, 0x0000000704600000, 0x0000000704600000|100%| O|  |TAMS 0x0000000704400000| PB 0x0000000704400000| Untracked 
|  30|0x0000000704600000, 0x0000000704800000, 0x0000000704800000|100%| O|  |TAMS 0x0000000704600000| PB 0x0000000704600000| Untracked 
|  31|0x0000000704800000, 0x0000000704a00000, 0x0000000704a00000|100%| O|  |TAMS 0x0000000704800000| PB 0x0000000704800000| Untracked 
|  32|0x0000000704a00000, 0x0000000704c00000, 0x0000000704c00000|100%| O|Cm|TAMS 0x0000000704a00000| PB 0x0000000704a00000| Complete 
|  33|0x0000000704c00000, 0x0000000704e00000, 0x0000000704e00000|100%| O|  |TAMS 0x0000000704c00000| PB 0x0000000704c00000| Untracked 
|  34|0x0000000704e00000, 0x0000000705000000, 0x0000000705000000|100%| O|  |TAMS 0x0000000704e00000| PB 0x0000000704e00000| Untracked 
|  35|0x0000000705000000, 0x0000000705200000, 0x0000000705200000|100%| O|  |TAMS 0x0000000705000000| PB 0x0000000705000000| Untracked 
|  36|0x0000000705200000, 0x0000000705400000, 0x0000000705400000|100%| O|  |TAMS 0x0000000705200000| PB 0x0000000705200000| Untracked 
|  37|0x0000000705400000, 0x000000070556e970, 0x0000000705600000| 71%| O|  |TAMS 0x0000000705400000| PB 0x0000000705400000| Untracked 
|  38|0x0000000705600000, 0x0000000705600000, 0x0000000705800000|  0%| F|  |TAMS 0x0000000705600000| PB 0x0000000705600000| Untracked 
|  39|0x0000000705800000, 0x0000000705800000, 0x0000000705a00000|  0%| F|  |TAMS 0x0000000705800000| PB 0x0000000705800000| Untracked 
|  40|0x0000000705a00000, 0x0000000705a00000, 0x0000000705c00000|  0%| F|  |TAMS 0x0000000705a00000| PB 0x0000000705a00000| Untracked 
|  41|0x0000000705c00000, 0x0000000705c00000, 0x0000000705e00000|  0%| F|  |TAMS 0x0000000705c00000| PB 0x0000000705c00000| Untracked 
|  42|0x0000000705e00000, 0x0000000705e00000, 0x0000000706000000|  0%| F|  |TAMS 0x0000000705e00000| PB 0x0000000705e00000| Untracked 
|  43|0x0000000706000000, 0x0000000706000000, 0x0000000706200000|  0%| F|  |TAMS 0x0000000706000000| PB 0x0000000706000000| Untracked 
|  44|0x0000000706200000, 0x0000000706200000, 0x0000000706400000|  0%| F|  |TAMS 0x0000000706200000| PB 0x0000000706200000| Untracked 
|  45|0x0000000706400000, 0x0000000706400000, 0x0000000706600000|  0%| F|  |TAMS 0x0000000706400000| PB 0x0000000706400000| Untracked 
|  46|0x0000000706600000, 0x0000000706600000, 0x0000000706800000|  0%| F|  |TAMS 0x0000000706600000| PB 0x0000000706600000| Untracked 
|  47|0x0000000706800000, 0x0000000706a00000, 0x0000000706a00000|100%| S|CS|TAMS 0x0000000706800000| PB 0x0000000706800000| Complete 
|  48|0x0000000706a00000, 0x0000000706c00000, 0x0000000706c00000|100%| S|CS|TAMS 0x0000000706a00000| PB 0x0000000706a00000| Complete 
|  49|0x0000000706c00000, 0x0000000706c00000, 0x0000000706e00000|  0%| F|  |TAMS 0x0000000706c00000| PB 0x0000000706c00000| Untracked 
|  50|0x0000000706e00000, 0x0000000706e00000, 0x0000000707000000|  0%| F|  |TAMS 0x0000000706e00000| PB 0x0000000706e00000| Untracked 
|  51|0x0000000707000000, 0x0000000707000000, 0x0000000707200000|  0%| F|  |TAMS 0x0000000707000000| PB 0x0000000707000000| Untracked 
|  52|0x0000000707200000, 0x0000000707200000, 0x0000000707400000|  0%| F|  |TAMS 0x0000000707200000| PB 0x0000000707200000| Untracked 
|  53|0x0000000707400000, 0x0000000707400000, 0x0000000707600000|  0%| F|  |TAMS 0x0000000707400000| PB 0x0000000707400000| Untracked 
|  54|0x0000000707600000, 0x0000000707600000, 0x0000000707800000|  0%| F|  |TAMS 0x0000000707600000| PB 0x0000000707600000| Untracked 
|  55|0x0000000707800000, 0x0000000707800000, 0x0000000707a00000|  0%| F|  |TAMS 0x0000000707800000| PB 0x0000000707800000| Untracked 
|  56|0x0000000707a00000, 0x0000000707a00000, 0x0000000707c00000|  0%| F|  |TAMS 0x0000000707a00000| PB 0x0000000707a00000| Untracked 
|  93|0x000000070c400000, 0x000000070c400000, 0x000000070c600000|  0%| F|  |TAMS 0x000000070c400000| PB 0x000000070c400000| Untracked 
|  94|0x000000070c600000, 0x000000070c600000, 0x000000070c800000|  0%| F|  |TAMS 0x000000070c600000| PB 0x000000070c600000| Untracked 
|  95|0x000000070c800000, 0x000000070c800000, 0x000000070ca00000|  0%| F|  |TAMS 0x000000070c800000| PB 0x000000070c800000| Untracked 
|  96|0x000000070ca00000, 0x000000070ca00000, 0x000000070cc00000|  0%| F|  |TAMS 0x000000070ca00000| PB 0x000000070ca00000| Untracked 
| 127|0x0000000710800000, 0x0000000710800000, 0x0000000710a00000|  0%| F|  |TAMS 0x0000000710800000| PB 0x0000000710800000| Untracked 
|2041|0x00000007ffc00000, 0x00000007ffc00000, 0x00000007ffe00000|  0%| F|  |TAMS 0x00000007ffc00000| PB 0x00000007ffc00000| Untracked 
|2042|0x00000007ffe00000, 0x00000007ffe00000, 0x0000000800000000|  0%| F|  |TAMS 0x00000007ffe00000| PB 0x00000007ffe00000| Untracked 

Card table byte_map: [0x000001f3f3960000,0x000001f3f4160000] _byte_map_base: 0x000001f3f015b000

Marking Bits: (CMBitMap*) 0x000001f3ea238a20
 Bits: [0x000001f3f4160000, 0x000001f3f8138000)

Polling page: 0x000001f3e8090000

Metaspace:

Usage:
  Non-class:     58.99 MB used.
      Class:      9.28 MB used.
       Both:     68.27 MB used.

Virtual space:
  Non-class space:       64.00 MB reserved,      59.50 MB ( 93%) committed,  1 nodes.
      Class space:        1.00 GB reserved,       9.69 MB ( <1%) committed,  1 nodes.
             Both:        1.06 GB reserved,      69.19 MB (  6%) committed. 

Chunk freelists:
   Non-Class:  4.21 MB
       Class:  6.15 MB
        Both:  10.37 MB

MaxMetaspaceSize: unlimited
CompressedClassSpaceSize: 1.00 GB
Initial GC threshold: 21.00 MB
Current GC threshold: 106.88 MB
CDS: on
 - commit_granule_bytes: 65536.
 - commit_granule_words: 8192.
 - virtual_space_node_default_size: 8388608.
 - enlarge_chunks_in_place: 1.
 - use_allocation_guard: 0.


Internal statistics:

num_allocs_failed_limit: 9.
num_arena_births: 1338.
num_arena_deaths: 0.
num_vsnodes_births: 2.
num_vsnodes_deaths: 0.
num_space_committed: 1107.
num_space_uncommitted: 0.
num_chunks_returned_to_freelist: 9.
num_chunks_taken_from_freelist: 3915.
num_chunk_merges: 9.
num_chunk_splits: 2745.
num_chunks_enlarged: 2066.
num_inconsistent_stats: 0.

CodeHeap 'non-profiled nmethods': size=119168Kb used=4941Kb max_used=4941Kb free=114227Kb
 bounds [0x000001f387ba0000, 0x000001f388080000, 0x000001f38f000000]
CodeHeap 'profiled nmethods': size=119104Kb used=12779Kb max_used=12779Kb free=106324Kb
 bounds [0x000001f380000000, 0x000001f380c80000, 0x000001f387450000]
CodeHeap 'non-nmethods': size=7488Kb used=3377Kb max_used=3433Kb free=4110Kb
 bounds [0x000001f387450000, 0x000001f3877c0000, 0x000001f387ba0000]
CodeCache: size=245760Kb, used=21097Kb, max_used=21153Kb, free=224661Kb
 total_blobs=7144, nmethods=6423, adapters=620, full_count=0
Compilation: enabled, stopped_count=0, restarted_count=0

Compilation events (20 events):
Event: 12.517 Thread 0x000001f3d4110110 7771       3       jdk.jfr.internal.jfc.model.XmlSetting::<init> (5 bytes)
Event: 12.517 Thread 0x000001f3d55842d0 7772       3       java.lang.StringLatin1::lastIndexOfNonWhitespace (51 bytes)
Event: 12.517 Thread 0x000001f3fb100660 7773       3       jdk.jfr.internal.jfc.model.XmlSetting::setContent (28 bytes)
Event: 12.517 Thread 0x000001f3fb0fffc0 7775       4       jdk.internal.util.xml.impl.Parser::del (40 bytes)
Event: 12.517 Thread 0x000001f3d4110110 nmethod 7771 0x000001f380c7a310 code [0x000001f380c7a4c0, 0x000001f380c7a5f8]
Event: 12.517 Thread 0x000001f3d4110110 7776       3       java.lang.StringLatin1::strip (52 bytes)
Event: 12.518 Thread 0x000001f3d55842d0 nmethod 7772 0x000001f380c7a690 code [0x000001f380c7a860, 0x000001f380c7ac60]
Event: 12.518 Thread 0x000001f3d410f8b0 nmethod 7770 0x000001f380c7ae10 code [0x000001f380c7b020, 0x000001f380c7b638]
Event: 12.518 Thread 0x000001f3fb100660 nmethod 7773 0x000001f380c7b890 code [0x000001f380c7ba80, 0x000001f380c7bfb8]
Event: 12.518 Thread 0x000001f3d410f8b0 7774       3       jdk.jfr.internal.jfc.model.SettingsLog::log (21 bytes)
Event: 12.518 Thread 0x000001f3d4110110 nmethod 7776 0x000001f380c7c110 code [0x000001f380c7c300, 0x000001f380c7c600]
Event: 12.518 Thread 0x000001f3fb100660 7777       3       jdk.internal.util.xml.impl.ParserSAX::bflash (33 bytes)
Event: 12.518 Thread 0x000001f3d410f8b0 nmethod 7774 0x000001f380c7c710 code [0x000001f380c7c8e0, 0x000001f380c7cb08]
Event: 12.519 Thread 0x000001f3fb100660 nmethod 7777 0x000001f380c7cc10 code [0x000001f380c7cdc0, 0x000001f380c7cff8]
Event: 12.521 Thread 0x000001f3fb0fffc0 nmethod 7775 0x000001f388072790 code [0x000001f388072920, 0x000001f388072d28]
Event: 12.522 Thread 0x000001f3d4110110 7778       3       java.util.ImmutableCollections$ListN::<init> (15 bytes)
Event: 12.523 Thread 0x000001f3d4110110 nmethod 7778 0x000001f380c7d110 code [0x000001f380c7d2c0, 0x000001f380c7d5b0]
Event: 12.523 Thread 0x000001f3d9e31780 7779       4       java.lang.reflect.Constructor::newInstanceWithCaller (51 bytes)
Event: 12.523 Thread 0x000001f3fb0fffc0 7780   !   4       jdk.internal.reflect.DirectConstructorHandleAccessor::newInstance (130 bytes)
Event: 12.524 Thread 0x000001f3d59c6c20 nmethod 7769 0x000001f388072e10 code [0x000001f388072fa0, 0x000001f3880732b8]

GC Heap History (20 events):
Event: 9.153 GC heap after
{Heap after GC invocations=11 (full 0):
 garbage-first heap   total 79872K, used 28058K [0x0000000700a00000, 0x0000000800000000)
  region size 2048K, 2 young (4096K), 2 survivors (4096K)
 Metaspace       used 59429K, committed 60096K, reserved 1114112K
  class space    used 8000K, committed 8320K, reserved 1048576K
}
Event: 10.165 GC heap before
{Heap before GC invocations=12 (full 0):
 garbage-first heap   total 79872K, used 66970K [0x0000000700a00000, 0x0000000800000000)
  region size 2048K, 21 young (43008K), 2 survivors (4096K)
 Metaspace       used 63073K, committed 63744K, reserved 1114112K
  class space    used 8591K, committed 8896K, reserved 1048576K
}
Event: 10.170 GC heap after
{Heap after GC invocations=13 (full 0):
 garbage-first heap   total 79872K, used 30966K [0x0000000700a00000, 0x0000000800000000)
  region size 2048K, 3 young (6144K), 3 survivors (6144K)
 Metaspace       used 63073K, committed 63744K, reserved 1114112K
  class space    used 8591K, committed 8896K, reserved 1048576K
}
Event: 10.520 GC heap before
{Heap before GC invocations=13 (full 0):
 garbage-first heap   total 79872K, used 63734K [0x0000000700a00000, 0x0000000800000000)
  region size 2048K, 20 young (40960K), 3 survivors (6144K)
 Metaspace       used 64561K, committed 65344K, reserved 1114112K
  class space    used 8746K, committed 9088K, reserved 1048576K
}
Event: 10.533 GC heap after
{Heap after GC invocations=14 (full 0):
 garbage-first heap   total 81920K, used 38055K [0x0000000700a00000, 0x0000000800000000)
  region size 2048K, 3 young (6144K), 3 survivors (6144K)
 Metaspace       used 64561K, committed 65344K, reserved 1114112K
  class space    used 8746K, committed 9088K, reserved 1048576K
}
Event: 10.719 GC heap before
{Heap before GC invocations=14 (full 0):
 garbage-first heap   total 81920K, used 66727K [0x0000000700a00000, 0x0000000800000000)
  region size 2048K, 18 young (36864K), 3 survivors (6144K)
 Metaspace       used 64730K, committed 65472K, reserved 1114112K
  class space    used 8760K, committed 9088K, reserved 1048576K
}
Event: 10.729 GC heap after
{Heap after GC invocations=15 (full 0):
 garbage-first heap   total 83968K, used 45207K [0x0000000700a00000, 0x0000000800000000)
  region size 2048K, 3 young (6144K), 3 survivors (6144K)
 Metaspace       used 64730K, committed 65472K, reserved 1114112K
  class space    used 8760K, committed 9088K, reserved 1048576K
}
Event: 10.758 GC heap before
{Heap before GC invocations=15 (full 0):
 garbage-first heap   total 83968K, used 67735K [0x0000000700a00000, 0x0000000800000000)
  region size 2048K, 14 young (28672K), 3 survivors (6144K)
 Metaspace       used 64737K, committed 65472K, reserved 1114112K
  class space    used 8760K, committed 9088K, reserved 1048576K
}
Event: 10.763 GC heap after
{Heap after GC invocations=16 (full 0):
 garbage-first heap   total 104448K, used 51091K [0x0000000700a00000, 0x0000000800000000)
  region size 2048K, 2 young (4096K), 2 survivors (4096K)
 Metaspace       used 64737K, committed 65472K, reserved 1114112K
  class space    used 8760K, committed 9088K, reserved 1048576K
}
Event: 10.923 GC heap before
{Heap before GC invocations=17 (full 0):
 garbage-first heap   total 104448K, used 83859K [0x0000000700a00000, 0x0000000800000000)
  region size 2048K, 19 young (38912K), 2 survivors (4096K)
 Metaspace       used 64841K, committed 65600K, reserved 1114112K
  class space    used 8765K, committed 9088K, reserved 1048576K
}
Event: 10.934 GC heap after
{Heap after GC invocations=18 (full 0):
 garbage-first heap   total 104448K, used 60848K [0x0000000700a00000, 0x0000000800000000)
  region size 2048K, 3 young (6144K), 3 survivors (6144K)
 Metaspace       used 64841K, committed 65600K, reserved 1114112K
  class space    used 8765K, committed 9088K, reserved 1048576K
}
Event: 11.027 GC heap before
{Heap before GC invocations=18 (full 0):
 garbage-first heap   total 104448K, used 85424K [0x0000000700a00000, 0x0000000800000000)
  region size 2048K, 16 young (32768K), 3 survivors (6144K)
 Metaspace       used 64893K, committed 65664K, reserved 1114112K
  class space    used 8765K, committed 9088K, reserved 1048576K
}
Event: 11.038 GC heap after
{Heap after GC invocations=19 (full 0):
 garbage-first heap   total 104448K, used 68066K [0x0000000700a00000, 0x0000000800000000)
  region size 2048K, 2 young (4096K), 2 survivors (4096K)
 Metaspace       used 64893K, committed 65664K, reserved 1114112K
  class space    used 8765K, committed 9088K, reserved 1048576K
}
Event: 11.072 GC heap before
{Heap before GC invocations=19 (full 0):
 garbage-first heap   total 104448K, used 86498K [0x0000000700a00000, 0x0000000800000000)
  region size 2048K, 12 young (24576K), 2 survivors (4096K)
 Metaspace       used 64914K, committed 65664K, reserved 1114112K
  class space    used 8765K, committed 9088K, reserved 1048576K
}
Event: 11.079 GC heap after
{Heap after GC invocations=20 (full 0):
 garbage-first heap   total 104448K, used 73728K [0x0000000700a00000, 0x0000000800000000)
  region size 2048K, 2 young (4096K), 2 survivors (4096K)
 Metaspace       used 64914K, committed 65664K, reserved 1114112K
  class space    used 8765K, committed 9088K, reserved 1048576K
}
Event: 11.115 GC heap before
{Heap before GC invocations=20 (full 0):
 garbage-first heap   total 104448K, used 88064K [0x0000000700a00000, 0x0000000800000000)
  region size 2048K, 10 young (20480K), 2 survivors (4096K)
 Metaspace       used 64914K, committed 65664K, reserved 1114112K
  class space    used 8765K, committed 9088K, reserved 1048576K
}
Event: 11.121 GC heap after
{Heap after GC invocations=21 (full 0):
 garbage-first heap   total 104448K, used 78403K [0x0000000700a00000, 0x0000000800000000)
  region size 2048K, 2 young (4096K), 2 survivors (4096K)
 Metaspace       used 64914K, committed 65664K, reserved 1114112K
  class space    used 8765K, committed 9088K, reserved 1048576K
}
Event: 11.557 GC heap before
{Heap before GC invocations=22 (full 0):
 garbage-first heap   total 131072K, used 88643K [0x0000000700a00000, 0x0000000800000000)
  region size 2048K, 8 young (16384K), 2 survivors (4096K)
 Metaspace       used 65985K, committed 66816K, reserved 1114112K
  class space    used 8906K, committed 9280K, reserved 1048576K
}
Event: 11.563 GC heap after
{Heap after GC invocations=23 (full 0):
 garbage-first heap   total 131072K, used 79582K [0x0000000700a00000, 0x0000000800000000)
  region size 2048K, 1 young (2048K), 1 survivors (2048K)
 Metaspace       used 65985K, committed 66816K, reserved 1114112K
  class space    used 8906K, committed 9280K, reserved 1048576K
}
Event: 12.524 GC heap before
{Heap before GC invocations=23 (full 0):
 garbage-first heap   total 131072K, used 104158K [0x0000000700a00000, 0x0000000800000000)
  region size 2048K, 14 young (28672K), 1 survivors (2048K)
 Metaspace       used 69910K, committed 70848K, reserved 1114112K
  class space    used 9505K, committed 9920K, reserved 1048576K
}

Dll operation events (14 events):
Event: 0.010 Loaded shared library C:\Users\carlos\.jdks\ms-21.0.8\bin\java.dll
Event: 0.058 Loaded shared library C:\Users\carlos\.jdks\ms-21.0.8\bin\jsvml.dll
Event: 0.200 Loaded shared library C:\Users\carlos\.jdks\ms-21.0.8\bin\zip.dll
Event: 0.204 Loaded shared library C:\Users\carlos\.jdks\ms-21.0.8\bin\instrument.dll
Event: 0.211 Loaded shared library C:\Users\carlos\.jdks\ms-21.0.8\bin\net.dll
Event: 0.214 Loaded shared library C:\Users\carlos\.jdks\ms-21.0.8\bin\nio.dll
Event: 0.217 Loaded shared library C:\Users\carlos\.jdks\ms-21.0.8\bin\zip.dll
Event: 0.312 Loaded shared library C:\Program Files\JetBrains\IntelliJ IDEA Community Edition 2023.1.2\bin\breakgen64.dll
Event: 0.322 Loaded shared library C:\Users\carlos\.jdks\ms-21.0.8\bin\extnet.dll
Event: 0.351 Loaded shared library C:\Users\carlos\.jdks\ms-21.0.8\bin\jimage.dll
Event: 3.429 Loaded shared library C:\Users\carlos\.jdks\ms-21.0.8\bin\verify.dll
Event: 4.676 Loaded shared library C:\Users\carlos\.jdks\ms-21.0.8\bin\sunmscapi.dll
Event: 4.739 Loaded shared library C:\Users\carlos\.jdks\ms-21.0.8\bin\management.dll
Event: 4.745 Loaded shared library C:\Users\carlos\.jdks\ms-21.0.8\bin\management_ext.dll

Deoptimization events (20 events):
Event: 12.342 Thread 0x000001f3ea1cf090 Uncommon trap: trap_request=0xffffff45 fr.pc=0x000001f38804f094 relative=0x00000000000001d4
Event: 12.349 Thread 0x000001f3ea1cf090 Uncommon trap: reason=unstable_if action=reinterpret pc=0x000001f38804f094 method=org.springframework.boot.autoconfigure.condition.ConditionEvaluationReport.lambda$addNoMatchOutcomeToAncestors$1(Ljava/lang/String;Ljava/lang/String;Ljava/lang/String;Lorg/s
Event: 12.349 Thread 0x000001f3ea1cf090 DEOPT PACKING pc=0x000001f38804f094 sp=0x00000013c38fecc0
Event: 12.349 Thread 0x000001f3ea1cf090 DEOPT UNPACKING pc=0x000001f3874a46a2 sp=0x00000013c38fec68 mode 2
Event: 12.350 Thread 0x000001f3ea1cf090 Uncommon trap: trap_request=0xffffff45 fr.pc=0x000001f38804f990 relative=0x00000000000002b0
Event: 12.350 Thread 0x000001f3ea1cf090 Uncommon trap: reason=unstable_if action=reinterpret pc=0x000001f38804f990 method=org.springframework.boot.autoconfigure.condition.ConditionEvaluationReport.lambda$addNoMatchOutcomeToAncestors$1(Ljava/lang/String;Ljava/lang/String;Ljava/lang/String;Lorg/s
Event: 12.350 Thread 0x000001f3ea1cf090 DEOPT PACKING pc=0x000001f38804f990 sp=0x00000013c38fed00
Event: 12.350 Thread 0x000001f3ea1cf090 DEOPT UNPACKING pc=0x000001f3874a46a2 sp=0x00000013c38fec38 mode 2
Event: 12.375 Thread 0x000001f3ea1cf090 Uncommon trap: trap_request=0xffffff45 fr.pc=0x000001f387c1930c relative=0x000000000000006c
Event: 12.375 Thread 0x000001f3ea1cf090 Uncommon trap: reason=unstable_if action=reinterpret pc=0x000001f387c1930c method=org.springframework.util.ConcurrentReferenceHashMap$Segment.clear()V @ 7 c2
Event: 12.375 Thread 0x000001f3ea1cf090 DEOPT PACKING pc=0x000001f387c1930c sp=0x00000013c38fef60
Event: 12.375 Thread 0x000001f3ea1cf090 DEOPT UNPACKING pc=0x000001f3874a46a2 sp=0x00000013c38feef0 mode 2
Event: 12.439 Thread 0x000001f3ea1cf090 Uncommon trap: trap_request=0xfffffff4 fr.pc=0x000001f387d62240 relative=0x0000000000000560
Event: 12.439 Thread 0x000001f3ea1cf090 Uncommon trap: reason=null_check action=make_not_entrant pc=0x000001f387d62240 method=java.util.AbstractCollection.toArray([Ljava/lang/Object;)[Ljava/lang/Object; @ 116 c2
Event: 12.440 Thread 0x000001f3ea1cf090 DEOPT PACKING pc=0x000001f387d62240 sp=0x00000013c38fe220
Event: 12.440 Thread 0x000001f3ea1cf090 DEOPT UNPACKING pc=0x000001f3874a46a2 sp=0x00000013c38fe1e0 mode 2
Event: 12.476 Thread 0x000001f3ea1cf090 Uncommon trap: trap_request=0xffffff45 fr.pc=0x000001f387d6d788 relative=0x0000000000000fc8
Event: 12.476 Thread 0x000001f3ea1cf090 Uncommon trap: reason=unstable_if action=reinterpret pc=0x000001f387d6d788 method=sun.nio.ch.IOUtil.readIntoNativeBuffer(Ljava/io/FileDescriptor;Ljava/nio/ByteBuffer;JZZILsun/nio/ch/NativeDispatcher;)I @ 92 c2
Event: 12.476 Thread 0x000001f3ea1cf090 DEOPT PACKING pc=0x000001f387d6d788 sp=0x00000013c38fd110
Event: 12.476 Thread 0x000001f3ea1cf090 DEOPT UNPACKING pc=0x000001f3874a46a2 sp=0x00000013c38fcfb0 mode 2

Classes loaded (20 events):
Event: 12.519 Loading class jdk/jfr/internal/jfc/model/XmlExpression done
Event: 12.519 Loading class jdk/jfr/internal/jfc/model/XmlCondition done
Event: 12.519 Loading class jdk/jfr/internal/jfc/model/XmlText
Event: 12.520 Loading class jdk/jfr/internal/jfc/model/XmlInput
Event: 12.520 Loading class jdk/jfr/internal/jfc/model/XmlInput done
Event: 12.520 Loading class jdk/jfr/internal/jfc/model/XmlText done
Event: 12.520 Loading class jdk/jfr/internal/jfc/model/XmlSelection
Event: 12.520 Loading class jdk/jfr/internal/jfc/model/XmlSelection done
Event: 12.520 Loading class jdk/jfr/internal/jfc/model/XmlFlag
Event: 12.520 Loading class jdk/jfr/internal/jfc/model/XmlFlag done
Event: 12.521 Loading class jdk/jfr/internal/jfc/model/XmlOption
Event: 12.521 Loading class jdk/jfr/internal/jfc/model/XmlOption done
Event: 12.521 Loading class jdk/jfr/internal/jfc/model/XmlOr
Event: 12.521 Loading class jdk/jfr/internal/jfc/model/XmlOr done
Event: 12.521 Loading class jdk/jfr/internal/jfc/model/XmlAnd
Event: 12.521 Loading class jdk/jfr/internal/jfc/model/XmlAnd done
Event: 12.521 Loading class jdk/jfr/internal/jfc/model/XmlTest
Event: 12.521 Loading class jdk/jfr/internal/jfc/model/XmlTest done
Event: 12.521 Loading class jdk/jfr/internal/jfc/model/XmlNot
Event: 12.521 Loading class jdk/jfr/internal/jfc/model/XmlNot done

Classes unloaded (0 events):
No events

Classes redefined (0 events):
No events

Internal exceptions (20 events):
Event: 11.044 Thread 0x000001f3d7650f10 Exception <a 'sun/nio/fs/WindowsException'{0x0000000710854580}> (0x0000000710854580) 
thrown [s\src\hotspot\share\prims\jni.cpp, line 520]
Event: 11.044 Thread 0x000001f3d7650f10 Exception <a 'sun/nio/fs/WindowsException'{0x0000000710854f90}> (0x0000000710854f90) 
thrown [s\src\hotspot\share\prims\jni.cpp, line 520]
Event: 11.044 Thread 0x000001f3d7650f10 Exception <a 'sun/nio/fs/WindowsException'{0x0000000710855350}> (0x0000000710855350) 
thrown [s\src\hotspot\share\prims\jni.cpp, line 520]
Event: 11.198 Thread 0x000001f3ea1cf090 Implicit null exception at 0x000001f387dc3457 to 0x000001f387dc3b4a
Event: 11.243 Thread 0x000001f3ea1cf090 Exception <a 'java/lang/NoSuchMethodError'{0x000000070c841ab8}: 'java.lang.Object java.lang.invoke.DirectMethodHandle$Holder.invokeVirtual(java.lang.Object, java.lang.Object, java.lang.Object, java.lang.Object, java.lang.Object, java.lang.Object, java.lang.Object, java.lang.Object, java.lang.Object)'> (0x000000070c841ab8) 
thrown [s\src\hotspot\share\interpreter\linkResolver.cpp, line 773]
Event: 11.323 Thread 0x000001f3ea1cf090 Exception <a 'java/lang/NoSuchMethodError'{0x000000070c9e0278}: 'java.lang.Object java.lang.invoke.DirectMethodHandle$Holder.invokeVirtual(java.lang.Object, java.lang.Object, java.lang.Object, java.lang.Object, java.lang.Object, java.lang.Object, java.lang.Object, java.lang.Object, java.lang.Object, java.lang.Object)'> (0x000000070c9e0278) 
thrown [s\src\hotspot\share\interpreter\linkResolver.cpp, line 773]
Event: 11.722 Thread 0x000001f3ea1cf090 Exception <a 'java/lang/NoSuchMethodError'{0x000000070cb3bd18}: 'double java.lang.invoke.DirectMethodHandle$Holder.invokeStatic(java.lang.Object, java.lang.Object)'> (0x000000070cb3bd18) 
thrown [s\src\hotspot\share\interpreter\linkResolver.cpp, line 773]
Event: 11.857 Thread 0x000001f3ea1cf090 Exception <a 'java/lang/NoSuchMethodError'{0x000000070c444d70}: 'java.lang.Object java.lang.invoke.DirectMethodHandle$Holder.newInvokeSpecial(java.lang.Object, java.lang.Object, java.lang.Object, java.lang.Object, java.lang.Object, java.lang.Object, java.lang.Object, java.lang.Object, java.lang.Object, java.lang.Object, java.lang.Object, java.lang.Object)'> (0x000000070c444d70) 
thrown [s\src\hotspot\share\interpreter\linkResolver.cpp, line 773]
Event: 11.858 Thread 0x000001f3ea1cf090 Exception <a 'java/lang/NoSuchMethodError'{0x000000070c449aa8}: 'java.lang.Object java.lang.invoke.DirectMethodHandle$Holder.invokeSpecial(java.lang.Object, java.lang.Object, java.lang.Object, java.lang.Object, java.lang.Object, java.lang.Object, java.lang.Object, java.lang.Object, java.lang.Object, java.lang.Object, java.lang.Object, java.lang.Object, java.lang.Object)'> (0x000000070c449aa8) 
thrown [s\src\hotspot\share\interpreter\linkResolver.cpp, line 773]
Event: 12.007 Thread 0x000001f3ea1cf090 Exception <a 'java/lang/NoSuchMethodError'{0x00000007079e4d38}: 'void java.lang.invoke.DirectMethodHandle$Holder.invokeVirtual(java.lang.Object, java.lang.Object, float)'> (0x00000007079e4d38) 
thrown [s\src\hotspot\share\interpreter\linkResolver.cpp, line 773]
Event: 12.187 Thread 0x000001f3ea1cf090 Exception <a 'java/lang/NoSuchMethodError'{0x0000000707200248}: 'void java.lang.invoke.DirectMethodHandle$Holder.invokeStatic(java.lang.Object, java.lang.Object, double)'> (0x0000000707200248) 
thrown [s\src\hotspot\share\interpreter\linkResolver.cpp, line 773]
Event: 12.218 Thread 0x000001f3ea1cf090 Exception <a 'java/lang/NoSuchMethodError'{0x0000000707282790}: 'double java.lang.invoke.DirectMethodHandle$Holder.invokeStatic(java.lang.Object, java.lang.Object, java.lang.Object)'> (0x0000000707282790) 
thrown [s\src\hotspot\share\interpreter\linkResolver.cpp, line 773]
Event: 12.259 Thread 0x000001f3ea1cf090 Exception <a 'java/lang/IncompatibleClassChangeError'{0x0000000707359100}: Found class java.lang.Object, but interface was expected> (0x0000000707359100) 
thrown [s\src\hotspot\share\interpreter\linkResolver.cpp, line 840]
Event: 12.270 Thread 0x000001f3ea1cf090 Exception <a 'java/lang/NoSuchMethodError'{0x0000000707382b78}: 'java.lang.Object java.lang.invoke.DirectMethodHandle$Holder.newInvokeSpecial(java.lang.Object, java.lang.Object, int, java.lang.Object, java.lang.Object)'> (0x0000000707382b78) 
thrown [s\src\hotspot\share\interpreter\linkResolver.cpp, line 773]
Event: 12.271 Thread 0x000001f3ea1cf090 Exception <a 'java/lang/NoSuchMethodError'{0x000000070738d688}: 'java.lang.Object java.lang.invoke.DirectMethodHandle$Holder.invokeSpecial(java.lang.Object, java.lang.Object, int, java.lang.Object, int, java.lang.Object)'> (0x000000070738d688) 
thrown [s\src\hotspot\share\interpreter\linkResolver.cpp, line 773]
Event: 12.271 Thread 0x000001f3ea1cf090 Exception <a 'java/lang/NoSuchMethodError'{0x00000007073944d8}: 'java.lang.Object java.lang.invoke.DirectMethodHandle$Holder.newInvokeSpecial(java.lang.Object, java.lang.Object, int, java.lang.Object, int)'> (0x00000007073944d8) 
thrown [s\src\hotspot\share\interpreter\linkResolver.cpp, line 773]
Event: 12.272 Thread 0x000001f3ea1cf090 Exception <a 'java/lang/NoSuchMethodError'{0x00000007073986d8}: 'java.lang.Object java.lang.invoke.DirectMethodHandle$Holder.invokeSpecial(java.lang.Object, java.lang.Object, java.lang.Object, int, java.lang.Object, int)'> (0x00000007073986d8) 
thrown [s\src\hotspot\share\interpreter\linkResolver.cpp, line 773]
Event: 12.326 Thread 0x000001f3d7658530 Exception <a 'java/lang/NoSuchMethodError'{0x0000000707099230}: 'java.lang.Object java.lang.invoke.Invokers$Holder.linkToTargetMethod(java.lang.Object, long, java.lang.Object)'> (0x0000000707099230) 
thrown [s\src\hotspot\share\interpreter\linkResolver.cpp, line 773]
Event: 12.395 Thread 0x000001f3ea1cf090 Exception <a 'java/lang/IncompatibleClassChangeError'{0x0000000706f853e0}: Found class java.lang.Object, but interface was expected> (0x0000000706f853e0) 
thrown [s\src\hotspot\share\interpreter\linkResolver.cpp, line 840]
Event: 12.439 Thread 0x000001f3ea1cf090 Implicit null exception at 0x000001f387d61f61 to 0x000001f387d62235

ZGC Phase Switch (0 events):
No events

VM Operations (20 events):
Event: 11.079 Executing VM operation: G1CollectForAllocation (G1 Evacuation Pause) done
Event: 11.114 Executing VM operation: G1CollectForAllocation (G1 Evacuation Pause)
Event: 11.121 Executing VM operation: G1CollectForAllocation (G1 Evacuation Pause) done
Event: 11.130 Executing VM operation: G1PauseRemark
Event: 11.135 Executing VM operation: G1PauseRemark done
Event: 11.149 Executing VM operation: G1PauseCleanup
Event: 11.149 Executing VM operation: G1PauseCleanup done
Event: 11.557 Executing VM operation: G1CollectForAllocation (G1 Evacuation Pause)
Event: 11.563 Executing VM operation: G1CollectForAllocation (G1 Evacuation Pause) done
Event: 12.128 Executing VM operation: HandshakeAllThreads (Deoptimize)
Event: 12.128 Executing VM operation: HandshakeAllThreads (Deoptimize) done
Event: 12.226 Executing VM operation: HandshakeAllThreads (Deoptimize)
Event: 12.226 Executing VM operation: HandshakeAllThreads (Deoptimize) done
Event: 12.279 Executing VM operation: HandshakeAllThreads (Deoptimize)
Event: 12.279 Executing VM operation: HandshakeAllThreads (Deoptimize) done
Event: 12.284 Executing VM operation: HandshakeAllThreads (Deoptimize)
Event: 12.284 Executing VM operation: HandshakeAllThreads (Deoptimize) done
Event: 12.322 Executing VM operation: HandshakeAllThreads (Deoptimize)
Event: 12.323 Executing VM operation: HandshakeAllThreads (Deoptimize) done
Event: 12.524 Executing VM operation: G1CollectForAllocation (G1 Evacuation Pause)

Memory protections (0 events):
No events

Nmethod flushes (20 events):
Event: 11.134 Thread 0x000001f3fb0cb1b0 flushing  nmethod 0x000001f387f61490
Event: 11.134 Thread 0x000001f3fb0cb1b0 flushing  nmethod 0x000001f380075590
Event: 11.134 Thread 0x000001f3fb0cb1b0 flushing  nmethod 0x000001f3800a0c10
Event: 11.134 Thread 0x000001f3fb0cb1b0 flushing  nmethod 0x000001f3800cb990
Event: 11.134 Thread 0x000001f3fb0cb1b0 flushing  nmethod 0x000001f380100b10
Event: 11.134 Thread 0x000001f3fb0cb1b0 flushing  nmethod 0x000001f380155d90
Event: 11.134 Thread 0x000001f3fb0cb1b0 flushing  nmethod 0x000001f38028b790
Event: 11.134 Thread 0x000001f3fb0cb1b0 flushing  nmethod 0x000001f38028bd90
Event: 11.134 Thread 0x000001f3fb0cb1b0 flushing  nmethod 0x000001f3802dad10
Event: 11.134 Thread 0x000001f3fb0cb1b0 flushing  nmethod 0x000001f3802e6c10
Event: 11.134 Thread 0x000001f3fb0cb1b0 flushing  nmethod 0x000001f3802e8910
Event: 11.134 Thread 0x000001f3fb0cb1b0 flushing  nmethod 0x000001f3805d0910
Event: 11.134 Thread 0x000001f3fb0cb1b0 flushing  nmethod 0x000001f3805d0f10
Event: 11.134 Thread 0x000001f3fb0cb1b0 flushing  nmethod 0x000001f3805d2810
Event: 11.134 Thread 0x000001f3fb0cb1b0 flushing  nmethod 0x000001f380786590
Event: 11.134 Thread 0x000001f3fb0cb1b0 flushing  nmethod 0x000001f3807aff90
Event: 11.134 Thread 0x000001f3fb0cb1b0 flushing  nmethod 0x000001f3807b0a90
Event: 11.134 Thread 0x000001f3fb0cb1b0 flushing  nmethod 0x000001f3807b3810
Event: 11.134 Thread 0x000001f3fb0cb1b0 flushing  nmethod 0x000001f38081c890
Event: 11.134 Thread 0x000001f3fb0cb1b0 flushing  nmethod 0x000001f380892490

Events (20 events):
Event: 11.154 Thread 0x000001f3d7650f10 Thread exited: 0x000001f3d7650f10
Event: 11.154 Thread 0x000001f3d73ee2f0 Thread exited: 0x000001f3d73ee2f0
Event: 11.155 Thread 0x000001f3d7655740 Thread exited: 0x000001f3d7655740
Event: 11.155 Thread 0x000001f3d73f03c0 Thread exited: 0x000001f3d73f03c0
Event: 11.155 Thread 0x000001f3d7654390 Thread exited: 0x000001f3d7654390
Event: 11.155 Thread 0x000001f3d76522c0 Thread exited: 0x000001f3d76522c0
Event: 12.295 Thread 0x000001f3ea1cf090 Thread added: 0x000001f3d7652fe0
Event: 12.295 Thread 0x000001f3ea1cf090 Thread added: 0x000001f3d7650f10
Event: 12.295 Thread 0x000001f3ea1cf090 Thread added: 0x000001f3d7657810
Event: 12.295 Thread 0x000001f3ea1cf090 Thread added: 0x000001f3d76522c0
Event: 12.296 Thread 0x000001f3ea1cf090 Thread added: 0x000001f3d7653670
Event: 12.296 Thread 0x000001f3ea1cf090 Thread added: 0x000001f3d7655740
Event: 12.296 Thread 0x000001f3ea1cf090 Thread added: 0x000001f3d7657ea0
Event: 12.296 Thread 0x000001f3ea1cf090 Thread added: 0x000001f3d7653d00
Event: 12.296 Thread 0x000001f3ea1cf090 Thread added: 0x000001f3d7654390
Event: 12.296 Thread 0x000001f3ea1cf090 Thread added: 0x000001f3d7655dd0
Event: 12.317 Thread 0x000001f3d7656af0 Thread exited: 0x000001f3d7656af0
Event: 12.318 Thread 0x000001f3ea1cf090 Thread added: 0x000001f3d7656460
Event: 12.320 Thread 0x000001f3ea1cf090 Thread added: 0x000001f3d7658530
Event: 12.505 Thread 0x000001f3d5313f90 Thread exited: 0x000001f3d5313f90


Dynamic libraries:
0x00007ff74e3a0000 - 0x00007ff74e3ae000 	C:\Users\carlos\.jdks\ms-21.0.8\bin\java.exe
0x00007ffa4a270000 - 0x00007ffa4a468000 	C:\WINDOWS\SYSTEM32\ntdll.dll
0x00007ffa4a100000 - 0x00007ffa4a1c2000 	C:\WINDOWS\System32\KERNEL32.DLL
0x00007ffa47b40000 - 0x00007ffa47e36000 	C:\WINDOWS\System32\KERNELBASE.dll
0x00007ffa47e40000 - 0x00007ffa47f40000 	C:\WINDOWS\System32\ucrtbase.dll
0x00007ffa2d940000 - 0x00007ffa2d95e000 	C:\Users\carlos\.jdks\ms-21.0.8\bin\VCRUNTIME140.dll
0x00007ffa2d960000 - 0x00007ffa2d978000 	C:\Users\carlos\.jdks\ms-21.0.8\bin\jli.dll
0x00007ffa491d0000 - 0x00007ffa4936d000 	C:\WINDOWS\System32\USER32.dll
0x00007ffa480d0000 - 0x00007ffa480f2000 	C:\WINDOWS\System32\win32u.dll
0x00007ffa2d3b0000 - 0x00007ffa2d64b000 	C:\WINDOWS\WinSxS\amd64_microsoft.windows.common-controls_6595b64144ccf1df_6.0.19041.6280_none_60bc30a171f2f3f3\COMCTL32.dll
0x00007ffa48930000 - 0x00007ffa4895b000 	C:\WINDOWS\System32\GDI32.dll
0x00007ffa48a10000 - 0x00007ffa48aae000 	C:\WINDOWS\System32\msvcrt.dll
0x00007ffa47a20000 - 0x00007ffa47b39000 	C:\WINDOWS\System32\gdi32full.dll
0x00007ffa48150000 - 0x00007ffa481ed000 	C:\WINDOWS\System32\msvcp_win.dll
0x00007ffa49e60000 - 0x00007ffa49e8f000 	C:\WINDOWS\System32\IMM32.DLL
0x00007ffa2dce0000 - 0x00007ffa2dcec000 	C:\Users\carlos\.jdks\ms-21.0.8\bin\vcruntime140_1.dll
0x00007ffa117f0000 - 0x00007ffa11879000 	C:\Users\carlos\.jdks\ms-21.0.8\bin\msvcp140.dll
0x00007ff9c1c20000 - 0x00007ff9c29cc000 	C:\Users\carlos\.jdks\ms-21.0.8\bin\server\jvm.dll
0x00007ffa4a040000 - 0x00007ffa4a0f1000 	C:\WINDOWS\System32\ADVAPI32.dll
0x00007ffa49050000 - 0x00007ffa490ef000 	C:\WINDOWS\System32\sechost.dll
0x00007ffa49500000 - 0x00007ffa49620000 	C:\WINDOWS\System32\RPCRT4.dll
0x00007ffa480a0000 - 0x00007ffa480c7000 	C:\WINDOWS\System32\bcrypt.dll
0x00007ffa49370000 - 0x00007ffa493db000 	C:\WINDOWS\System32\WS2_32.dll
0x00007ffa47620000 - 0x00007ffa4766b000 	C:\WINDOWS\SYSTEM32\POWRPROF.dll
0x00007ffa36a40000 - 0x00007ffa36a67000 	C:\WINDOWS\SYSTEM32\WINMM.dll
0x00007ffa3e340000 - 0x00007ffa3e34a000 	C:\WINDOWS\SYSTEM32\VERSION.dll
0x00007ffa47450000 - 0x00007ffa47462000 	C:\WINDOWS\SYSTEM32\UMPDC.dll
0x00007ffa45740000 - 0x00007ffa45752000 	C:\WINDOWS\SYSTEM32\kernel.appcore.dll
0x00007ffa2db80000 - 0x00007ffa2db8a000 	C:\Users\carlos\.jdks\ms-21.0.8\bin\jimage.dll
0x00007ffa35340000 - 0x00007ffa35541000 	C:\WINDOWS\SYSTEM32\DBGHELP.DLL
0x00007ffa256a0000 - 0x00007ffa256d4000 	C:\WINDOWS\SYSTEM32\dbgcore.DLL
0x00007ffa47990000 - 0x00007ffa47a12000 	C:\WINDOWS\System32\bcryptPrimitives.dll
0x00007ffa38bb0000 - 0x00007ffa38bc0000 	C:\Users\carlos\.jdks\ms-21.0.8\bin\instrument.dll
0x00007ffa2cbc0000 - 0x00007ffa2cbe1000 	C:\Users\carlos\.jdks\ms-21.0.8\bin\java.dll
0x00007ffa496f0000 - 0x00007ffa49e60000 	C:\WINDOWS\System32\SHELL32.dll
0x00007ffa45940000 - 0x00007ffa460e5000 	C:\WINDOWS\SYSTEM32\windows.storage.dll
0x00007ffa48c70000 - 0x00007ffa48fc3000 	C:\WINDOWS\System32\combase.dll
0x00007ffa472a0000 - 0x00007ffa472cb000 	C:\WINDOWS\SYSTEM32\Wldp.dll
0x00007ffa49620000 - 0x00007ffa496ed000 	C:\WINDOWS\System32\OLEAUT32.dll
0x00007ffa49f30000 - 0x00007ffa49fdd000 	C:\WINDOWS\System32\SHCORE.dll
0x00007ffa49fe0000 - 0x00007ffa4a03b000 	C:\WINDOWS\System32\shlwapi.dll
0x00007ffa47810000 - 0x00007ffa47834000 	C:\WINDOWS\SYSTEM32\profapi.dll
0x00007ffa01cc0000 - 0x00007ffa01d96000 	C:\Users\carlos\.jdks\ms-21.0.8\bin\jsvml.dll
0x00007ffa2a130000 - 0x00007ffa2a148000 	C:\Users\carlos\.jdks\ms-21.0.8\bin\zip.dll
0x00007ffa2d2c0000 - 0x00007ffa2d2d1000 	C:\Users\carlos\.jdks\ms-21.0.8\bin\net.dll
0x00007ffa411c0000 - 0x00007ffa412ca000 	C:\WINDOWS\SYSTEM32\WINHTTP.dll
0x00007ffa46f60000 - 0x00007ffa46fca000 	C:\WINDOWS\system32\mswsock.dll
0x00007ffa2cba0000 - 0x00007ffa2cbb6000 	C:\Users\carlos\.jdks\ms-21.0.8\bin\nio.dll
0x00007ffa2e6b0000 - 0x00007ffa2e6ca000 	C:\Program Files\JetBrains\IntelliJ IDEA Community Edition 2023.1.2\bin\breakgen64.dll
0x00007ffa2a730000 - 0x00007ffa2a739000 	C:\Users\carlos\.jdks\ms-21.0.8\bin\extnet.dll
0x00007ffa38330000 - 0x00007ffa38340000 	C:\Users\carlos\.jdks\ms-21.0.8\bin\verify.dll
0x00007ffa47170000 - 0x00007ffa47188000 	C:\WINDOWS\SYSTEM32\CRYPTSP.dll
0x00007ffa46880000 - 0x00007ffa468b8000 	C:\WINDOWS\system32\rsaenh.dll
0x00007ffa477d0000 - 0x00007ffa477fe000 	C:\WINDOWS\SYSTEM32\USERENV.dll
0x00007ffa47190000 - 0x00007ffa4719c000 	C:\WINDOWS\SYSTEM32\CRYPTBASE.dll
0x00007ffa46c50000 - 0x00007ffa46c8b000 	C:\WINDOWS\SYSTEM32\IPHLPAPI.DLL
0x00007ffa4a1d0000 - 0x00007ffa4a1d8000 	C:\WINDOWS\System32\NSI.dll
0x00007ffa2e6e0000 - 0x00007ffa2e6ee000 	C:\Users\carlos\.jdks\ms-21.0.8\bin\sunmscapi.dll
0x00007ffa47f40000 - 0x00007ffa4809d000 	C:\WINDOWS\System32\CRYPT32.dll
0x00007ffa47310000 - 0x00007ffa47337000 	C:\WINDOWS\SYSTEM32\ncrypt.dll
0x00007ffa472d0000 - 0x00007ffa4730b000 	C:\WINDOWS\SYSTEM32\NTASN1.dll
0x00007ffa38ba0000 - 0x00007ffa38baa000 	C:\Users\carlos\.jdks\ms-21.0.8\bin\management.dll
0x00007ffa2e6d0000 - 0x00007ffa2e6dc000 	C:\Users\carlos\.jdks\ms-21.0.8\bin\management_ext.dll
0x00007ffa49e90000 - 0x00007ffa49e98000 	C:\WINDOWS\System32\PSAPI.DLL
0x00007ffa46c90000 - 0x00007ffa46d5a000 	C:\WINDOWS\SYSTEM32\DNSAPI.dll
0x00007ffa29010000 - 0x00007ffa2901a000 	C:\Windows\System32\rasadhlp.dll
0x00007ffa3ed70000 - 0x00007ffa3edf0000 	C:\WINDOWS\System32\fwpuclnt.dll
0x00007ffa13ab0000 - 0x00007ffa13ab7000 	C:\WINDOWS\system32\wshunix.dll

JVMTI agents:
C:\Program Files\JetBrains\IntelliJ IDEA Community Edition 2023.1.2\lib\idea_rt.jar path:C:\Users\carlos\.jdks\ms-21.0.8\bin\instrument.dll, loaded, initialized, instrumentlib options:52882:C:\Program Files\JetBrains\IntelliJ IDEA Community Edition 2023.1.2\bin

dbghelp: loaded successfully - version: 4.0.5 - missing functions: none
symbol engine: initialized successfully - sym options: 0x614 - pdb path: .;C:\Users\carlos\.jdks\ms-21.0.8\bin;C:\WINDOWS\SYSTEM32;C:\WINDOWS\WinSxS\amd64_microsoft.windows.common-controls_6595b64144ccf1df_6.0.19041.6280_none_60bc30a171f2f3f3;C:\Users\carlos\.jdks\ms-21.0.8\bin\server;C:\Program Files\JetBrains\IntelliJ IDEA Community Edition 2023.1.2\bin

VM Arguments:
jvm_args: -javaagent:C:\Program Files\JetBrains\IntelliJ IDEA Community Edition 2023.1.2\lib\idea_rt.jar=52882:C:\Program Files\JetBrains\IntelliJ IDEA Community Edition 2023.1.2\bin -Dfile.encoding=UTF-8 -Dsun.stdout.encoding=UTF-8 -Dsun.stderr.encoding=UTF-8 
java_command: com.example.demo.InventoryServiceApplication
java_class_path (initial): C:\Users\carlos\OneDrive\Escritorio\Spring-boot-microservicios\inventoryservice\target\classes;C:\Users\carlos\.m2\repository\org\springdoc\springdoc-openapi-starter-webmvc-ui\2.2.0\springdoc-openapi-starter-webmvc-ui-2.2.0.jar;C:\Users\carlos\.m2\repository\org\springdoc\springdoc-openapi-starter-webmvc-api\2.2.0\springdoc-openapi-starter-webmvc-api-2.2.0.jar;C:\Users\carlos\.m2\repository\org\springdoc\springdoc-openapi-starter-common\2.2.0\springdoc-openapi-starter-common-2.2.0.jar;C:\Users\carlos\.m2\repository\io\swagger\core\v3\swagger-core-jakarta\2.2.15\swagger-core-jakarta-2.2.15.jar;C:\Users\carlos\.m2\repository\org\apache\commons\commons-lang3\3.12.0\commons-lang3-3.12.0.jar;C:\Users\carlos\.m2\repository\io\swagger\core\v3\swagger-annotations-jakarta\2.2.15\swagger-annotations-jakarta-2.2.15.jar;C:\Users\carlos\.m2\repository\io\swagger\core\v3\swagger-models-jakarta\2.2.15\swagger-models-jakarta-2.2.15.jar;C:\Users\carlos\.m2\repository\jakarta\validation\jakarta.validation-api\3.0.2\jakarta.validation-api-3.0.2.jar;C:\Users\carlos\.m2\repository\com\fasterxml\jackson\dataformat\jackson-dataformat-yaml\2.15.2\jackson-dataformat-yaml-2.15.2.jar;C:\Users\carlos\.m2\repository\org\webjars\swagger-ui\5.2.0\swagger-ui-5.2.0.jar;C:\Users\carlos\.m2\repository\org\springframework\boot\spring-boot-starter-web\3.1.4\spring-boot-starter-web-3.1.4.jar;C:\Users\carlos\.m2\repository\org\springframework\boot\spring-boot-starter-json\3.1.4\spring-boot-starter-json-3.1.4.jar;C:\Users\carlos\.m2\repository\com\fasterxml\jackson\core\jackson-databind\2.15.2\jackson-databind-2.15.2.jar;C:\Users\carlos\.m2\repository\com\fasterxml\jackson\core\jackson-annotations\2.15.2\jackson-annotations-2.15.2.jar;C:\Users\carlos\.m2\repository\com\fasterxml\jackson\datatype\jackson-datatype-jdk8\2.15.2\jackson-datatype-jdk8-2.15.2.jar;C:\Users\carlos\.m2\repository\com\fasterxml\jackson\datatype\jackson-datatype-jsr310\2.15.2\jackson-datatype-jsr310-2.15.2.jar;C:\Users\carlos\.m2\repository\com\fasterxml\jackson\module\jackson-module-parameter-names\2.15.2\jackson-module-parameter-names-2.15.2.jar;C:\Users\carlos\.m2\repository\org\springframework\boot\spring-boot-starter-tomcat\3.1.4\spring-boot-starter-tomcat-3.1.4.jar;C:\Users\carlos\.m2\repository\org\apache\tomcat\embed\tomcat-embed-core\10.1.13\tomcat-embed-core-10.1.13.jar;C:\Users\carlos\.m2\repository\org\apache\tomcat\embed\tomcat-embed-el\10.1.13\tomcat-embed-el-10.1.13.jar;C:\Users\carlos\.m2\repository\org\apache\tomcat\embed\tomcat-embed-websocket\10.1.13\tomcat-embed-websocket-10.1.13.jar;C:\Users\carlos\.m2\repository\org\springframework\spring-web\6.0.12\spring-web-6.0.12.jar;C:\Users\carlos\.m2\repository\org\springframework\spring-beans\6.0.12\spring-beans-6.0.12.jar;C:\Users\carlos\.m2\repository\org\springframework\spring-webmvc\6.0.12\spring-webmvc-6.0.12.jar;C:\Users\carlos\.m2\repository\org\springframework\spring-aop\6.0.12\spring-aop-6.0.12.jar;C:\Users\carlos\.m2\repository\org\springframework\spring-expression\6.0.12\spring-expression-6.0.12.jar;C:\Users\carlos\.m2\repository\org\webjars\webjars-locator-core\0.52\webjars-locator-core-0.52.jar;C:\Users\carlos\.m2\repository\org\slf4j\slf4j-api\2.0.9\slf4j-api-2.0.9.jar;C:\Users\carlos\.m2\repository\io\github\classgraph\classgraph\4.8.147\classgraph-4.8.147.jar;C:\Users\carlos\.m2\repository\com\fasterxml\jackson\core\jackson-core\2.15.2\jackson-core-2.15.2.jar;C:\Users\carlos\.m2\repository\org\flywaydb\flyway-core\9.22.3\flyway-core-9.22.3.jar;C:\Users\carlos\.m2\repository\com\fasterxml\jackson\dataformat\jackson-dataformat-toml\2.15.2\jackson-dataformat-toml-2.15.2.jar;C:\Users\carlos\.m2\repository\com\google\code\gson\gson\2.10.1\gson-2.10.1.jar;C:\Users\carlos\.m2\repository\org\springframework\boot\spring-boot-starter\3.1.4\spring-boot-starter-3.1.4.jar;C:\Users\carlos\.m2\repository\org\springframework\boot\spring-boot\3.1.4\spring-boot-3.1.4.jar;C:\Users\carlos\.m2\repository\org\springframework\boot\spring-boot-autoconfigure\3.1.4\spring-boot-autoconfigure-3.1.4.jar;C:\Users\carlos\.m2\repository\org\springframework\boot\spring-boot-starter-logging\3.1.4\spring-boot-starter-logging-3.1.4.jar;C:\Users\carlos\.m2\repository\ch\qos\logback\logback-classic\1.4.11\logback-classic-1.4.11.jar;C:\Users\carlos\.m2\repository\ch\qos\logback\logback-core\1.4.11\logback-core-1.4.11.jar;C:\Users\carlos\.m2\repository\org\apache\logging\log4j\log4j-to-slf4j\2.20.0\log4j-to-slf4j-2.20.0.jar;C:\Users\carlos\.m2\repository\org\apache\logging\log4j\log4j-api\2.20.0\log4j-api-2.20.0.jar;C:\Users\carlos\.m2\repository\org\slf4j\jul-to-slf4j\2.0.9\jul-to-slf4j-2.0.9.jar;C:\Users\carlos\.m2\repository\jakarta\annotation\jakarta.annotation-api\2.1.1\jakarta.annotation-api-2.1.1.jar;C:\Users\carlos\.m2\repository\org\springframework\spring-core\6.0.12\spring-core-6.0.12.jar;C:\Users\carlos\.m2\repository\org\springframework\spring-jcl\6.0.12\spring-jcl-6.0.12.jar;C:\Users\carlos\.m2\repository\org\yaml\snakeyaml\1.33\snakeyaml-1.33.jar;C:\Users\carlos\.m2\repository\org\springframework\boot\spring-boot-starter-actuator\3.1.4\spring-boot-starter-actuator-3.1.4.jar;C:\Users\carlos\.m2\repository\org\springframework\boot\spring-boot-actuator-autoconfigure\3.1.4\spring-boot-actuator-autoconfigure-3.1.4.jar;C:\Users\carlos\.m2\repository\org\springframework\boot\spring-boot-actuator\3.1.4\spring-boot-actuator-3.1.4.jar;C:\Users\carlos\.m2\repository\io\micrometer\micrometer-observation\1.11.4\micrometer-observation-1.11.4.jar;C:\Users\carlos\.m2\repository\io\micrometer\micrometer-commons\1.11.4\micrometer-commons-1.11.4.jar;C:\Users\carlos\.m2\repository\io\micrometer\micrometer-core\1.11.4\micrometer-core-1.11.4.jar;C:\Users\carlos\.m2\repository\org\hdrhistogram\HdrHistogram\2.1.12\HdrHistogram-2.1.12.jar;C:\Users\carlos\.m2\repository\org\latencyutils\LatencyUtils\2.0.3\LatencyUtils-2.0.3.jar;C:\Users\carlos\.m2\repository\io\github\resilience4j\resilience4j-retry\2.3.0\resilience4j-retry-2.3.0.jar;C:\Users\carlos\.m2\repository\io\github\resilience4j\resilience4j-core\2.3.0\resilience4j-core-2.3.0.jar;C:\Users\carlos\.m2\repository\org\jetbrains\kotlin\kotlin-stdlib-jdk8\1.8.22\kotlin-stdlib-jdk8-1.8.22.jar;C:\Users\carlos\.m2\repository\org\jetbrains\kotlin\kotlin-stdlib\1.8.22\kotlin-stdlib-1.8.22.jar;C:\Users\carlos\.m2\repository\org\jetbrains\kotlin\kotlin-stdlib-common\1.8.22\kotlin-stdlib-common-1.8.22.jar;C:\Users\carlos\.m2\repository\org\jetbrains\annotations\13.0\annotations-13.0.jar;C:\Users\carlos\.m2\repository\org\jetbrains\kotlin\kotlin-stdlib-jdk7\1.8.22\kotlin-stdlib-jdk7-1.8.22.jar;C:\Users\carlos\.m2\repository\org\springframework\kafka\spring-kafka\3.0.11\spring-kafka-3.0.11.jar;C:\Users\carlos\.m2\repository\org\springframework\spring-context\6.0.12\spring-context-6.0.12.jar;C:\Users\carlos\.m2\repository\org\springframework\spring-messaging\6.0.12\spring-messaging-6.0.12.jar;C:\Users\carlos\.m2\repository\org\springframework\spring-tx\6.0.12\spring-tx-6.0.12.jar;C:\Users\carlos\.m2\repository\org\springframework\retry\spring-retry\2.0.3\spring-retry-2.0.3.jar;C:\Users\carlos\.m2\repository\org\apache\kafka\kafka-clients\3.4.1\kafka-clients-3.4.1.jar;C:\Users\carlos\.m2\repository\com\github\luben\zstd-jni\1.5.2-1\zstd-jni-1.5.2-1.jar;C:\Users\carlos\.m2\repository\org\lz4\lz4-java\1.8.0\lz4-java-1.8.0.jar;C:\Users\carlos\.m2\repository\org\xerial\snappy\snappy-java\1.1.8.4\snappy-java-1.1.8.4.jar;C:\Users\carlos\.m2\repository\com\google\code\findbugs\jsr305\3.0.2\jsr305-3.0.2.jar;C:\Users\carlos\.m2\repository\org\postgresql\postgresql\42.7.4\postgresql-42.7.4.jar;C:\Users\carlos\.m2\repository\org\checkerframework\checker-qual\3.42.0\checker-qual-3.42.0.jar;C:\Users\carlos\.m2\repository\org\springframework\boot\spring-boot-starter-data-jpa\3.1.4\spring-boot-starter-data-jpa-3.1.4.jar;C:\Users\carlos\.m2\repository\org\springframework\boot\spring-boot-starter-aop\3.1.4\spring-boot-starter-aop-3.1.4.jar;C:\Users\carlos\.m2\repository\org\aspectj\aspectjweaver\1.9.20\aspectjweaver-1.9.20.jar;C:\Users\carlos\.m2\repository\org\springframework\boot\spring-boot-starter-jdbc\3.1.4\spring-boot-starter-jdbc-3.1.4.jar;C:\Users\carlos\.m2\repository\com\zaxxer\HikariCP\5.0.1\HikariCP-5.0.1.jar;C:\Users\carlos\.m2\repository\org\springframework\spring-jdbc\6.0.12\spring-jdbc-6.0.12.jar;C:\Users\carlos\.m2\repository\org\hibernate\orm\hibernate-core\6.2.9.Final\hibernate-core-6.2.9.Final.jar;C:\Users\carlos\.m2\repository\jakarta\persistence\jakarta.persistence-api\3.1.0\jakarta.persistence-api-3.1.0.jar;C:\Users\carlos\.m2\repository\jakarta\transaction\jakarta.transaction-api\2.0.1\jakarta.transaction-api-2.0.1.jar;C:\Users\carlos\.m2\repository\org\jboss\logging\jboss-logging\3.5.3.Final\jboss-logging-3.5.3.Final.jar;C:\Users\carlos\.m2\repository\org\hibernate\common\hibernate-commons-annotations\6.0.6.Final\hibernate-commons-annotations-6.0.6.Final.jar;C:\Users\carlos\.m2\repository\io\smallrye\jandex\3.0.5\jandex-3.0.5.jar;C:\Users\carlos\.m2\repository\com\fasterxml\classmate\1.5.1\classmate-1.5.1.jar;C:\Users\carlos\.m2\repository\net\bytebuddy\byte-buddy\1.14.8\byte-buddy-1.14.8.jar;C:\Users\carlos\.m2\repository\org\glassfish\jaxb\jaxb-runtime\4.0.3\jaxb-runtime-4.0.3.jar;C:\Users\carlos\.m2\repository\org\glassfish\jaxb\jaxb-core\4.0.3\jaxb-core-4.0.3.jar;C:\Users\carlos\.m2\repository\org\eclipse\angus\angus-activation\2.0.1\angus-activation-2.0.1.jar;C:\Users\carlos\.m2\repository\org\glassfish\jaxb\txw2\4.0.3\txw2-4.0.3.jar;C:\Users\carlos\.m2\repository\com\sun\istack\istack-commons-runtime\4.1.2\istack-commons-runtime-4.1.2.jar;C:\Users\carlos\.m2\repository\jakarta\inject\jakarta.inject-api\2.0.1\jakarta.inject-api-2.0.1.jar;C:\Users\carlos\.m2\repository\org\antlr\antlr4-runtime\4.10.1\antlr4-runtime-4.10.1.jar;C:\Users\carlos\.m2\repository\org\springframework\data\spring-data-jpa\3.1.4\spring-data-jpa-3.1.4.jar;C:\Users\carlos\.m2\repository\org\springframework\data\spring-data-commons\3.1.4\spring-data-commons-3.1.4.jar;C:\Users\carlos\.m2\repository\org\springframework\spring-orm\6.0.12\spring-orm-6.0.12.jar;C:\Users\carlos\.m2\repository\org\springframework\spring-aspects\6.0.12\spring-aspects-6.0.12.jar;C:\Users\carlos\.m2\repository\io\micrometer\micrometer-registry-prometheus\1.11.4\micrometer-registry-prometheus-1.11.4.jar;C:\Users\carlos\.m2\repository\io\prometheus\simpleclient_common\0.16.0\simpleclient_common-0.16.0.jar;C:\Users\carlos\.m2\repository\io\prometheus\simpleclient\0.16.0\simpleclient-0.16.0.jar;C:\Users\carlos\.m2\repository\io\prometheus\simpleclient_tracer_otel\0.16.0\simpleclient_tracer_otel-0.16.0.jar;C:\Users\carlos\.m2\repository\io\prometheus\simpleclient_tracer_common\0.16.0\simpleclient_tracer_common-0.16.0.jar;C:\Users\carlos\.m2\repository\io\prometheus\simpleclient_tracer_otel_agent\0.16.0\simpleclient_tracer_otel_agent-0.16.0.jar;C:\Users\carlos\.m2\repository\jakarta\xml\bind\jakarta.xml.bind-api\4.0.1\jakarta.xml.bind-api-4.0.1.jar;C:\Users\carlos\.m2\repository\jakarta\activation\jakarta.activation-api\2.1.2\jakarta.activation-api-2.1.2.jar
Launcher Type: SUN_STANDARD

[Global flags]
     intx CICompilerCount                          = 12                                        {product} {ergonomic}
     uint ConcGCThreads                            = 3                                         {product} {ergonomic}
     uint G1ConcRefinementThreads                  = 13                                        {product} {ergonomic}
   size_t G1HeapRegionSize                         = 2097152                                   {product} {ergonomic}
    uintx GCDrainStackTargetSize                   = 64                                        {product} {ergonomic}
   size_t InitialHeapSize                          = 268435456                                 {product} {ergonomic}
   size_t MarkStackSize                            = 4194304                                   {product} {ergonomic}
   size_t MaxHeapSize                              = 4284481536                                {product} {ergonomic}
   size_t MaxNewSize                               = 2569011200                                {product} {ergonomic}
   size_t MinHeapDeltaBytes                        = 2097152                                   {product} {ergonomic}
   size_t MinHeapSize                              = 8388608                                   {product} {ergonomic}
    uintx NonNMethodCodeHeapSize                   = 7602480                                {pd product} {ergonomic}
    uintx NonProfiledCodeHeapSize                  = 122027880                              {pd product} {ergonomic}
    uintx ProfiledCodeHeapSize                     = 122027880                              {pd product} {ergonomic}
    uintx ReservedCodeCacheSize                    = 251658240                              {pd product} {ergonomic}
     bool SegmentedCodeCache                       = true                                      {product} {ergonomic}
   size_t SoftMaxHeapSize                          = 4284481536                             {manageable} {ergonomic}
     bool UseCompressedOops                        = true                           {product lp64_product} {ergonomic}
     bool UseG1GC                                  = true                                      {product} {ergonomic}
     bool UseLargePagesIndividualAllocation        = false                                  {pd product} {ergonomic}

Logging:
Log output configuration:
 #0: stdout all=warning uptime,level,tags foldmultilines=false
 #1: stderr all=off uptime,level,tags foldmultilines=false

Environment Variables:
JAVA_HOME=C:\Program Files\Java\jdk-23
CLASSPATH=C:\Users\carlos\OneDrive\Escritorio\eacs para hacer\C:\Users\carlos\OneDrive\Escritorio\eacs para hacer\derby\lib\derby.jar;C:\Users\carlos\OneDrive\Escritorio\eacs para hacer\derbytools.jar;
PATH=C:\Program Files\Common Files\Oracle\Java\javapath;C:\Python312\Scripts\;C:\Python312\;C:\Program Files (x86)\Common Files\Intel\Shared Libraries\redist\intel64\compiler;C:\Program Files (x86)\Common Files\Intel\Shared Libraries\redist\ia32_win\compiler;C:\Windows\system32;C:\Windows;C:\Windows\System32\Wbem;C:\Windows\System32\WindowsPowerShell\v1.0\;C:\Program Files (x86)\NVIDIA Corporation\PhysX\Common;C:\WINDOWS\system32;C:\WINDOWS;C:\WINDOWS\System32\Wbem;C:\WINDOWS\System32\WindowsPowerShell\v1.0\;C:\WINDOWS\System32\OpenSSH\;C:\Program Files\dotnet\;C:\ProgramData\chocolatey\bin;C:\Program Files\nodejs\;C:\Program Files\Docker\Docker\resources\bin;C:\Program Files\Git\cmd;C:\xampp\php;C:\Program Files\NVIDIA Corporation\NVIDIA NvDLISR;JAVA_HOME;C:\Program Files\AutoFirma\AutoFirma;C:\apache-maven-3.9.11\bin;C:\Program Files\Java\jdk-23\bin;C:\Program Files\MySQL\MySQL Shell 8.0\bin\;C:\Users\carlos\AppData\Local\Microsoft\WindowsApps;C:\Users\carlos\AppData\Local\Microsoft\WindowsApps;C:\Users\carlos\.dotnet\tools;C:\Users\carlos\AppData\Local\Programs\Microsoft VS Code\bin;C:\Users\carlos\AppData\Roaming\npm;C:\Program Files\Java\jdk-17\bin;JAVA_HOME;C:\Users\carlos\AppData\Local\Muse Hub\lib
USERNAME=carlos
OS=Windows_NT
PROCESSOR_IDENTIFIER=AMD64 Family 23 Model 1 Stepping 1, AuthenticAMD
TMP=C:\Users\carlos\AppData\Local\Temp
TEMP=C:\Users\carlos\AppData\Local\Temp




Periodic native trim disabled

---------------  S Y S T E M  ---------------

OS:
 Windows 10 , 64 bit Build 19041 (10.0.19041.5915)
OS uptime: 2 days 3:49 hours
Hyper-V role detected

CPU: total 16 (initial active 16) (16 cores per cpu, 2 threads per core) family 23 model 1 stepping 1 microcode 0x0, cx8, cmov, fxsr, ht, mmx, 3dnowpref, sse, sse2, sse3, ssse3, sse4a, sse4.1, sse4.2, popcnt, lzcnt, tsc, tscinvbit, avx, avx2, aes, clmul, bmi1, bmi2, adx, sha, fma, vzeroupper, clflush, clflushopt, hv, rdtscp, f16c
Processor Information for the first 16 processors :
  Max Mhz: 3000, Current Mhz: 3000, Mhz Limit: 3000

Memory: 4k page, system-wide physical 16336M (1488M free)
TotalPageFile size 30135M (AvailPageFile size 60M)
current process WorkingSet (physical memory assigned to process): 357M, peak: 359M
current process commit charge ("private bytes"): 414M, peak: 483M

vm_info: OpenJDK 64-Bit Server VM (21.0.8+9-LTS) for windows-amd64 JRE (21.0.8+9-LTS), built on 2025-07-10T20:22:44Z by "MicrosoftCorporation" with unknown MS VC++:1944

END.
