#
# There is insufficient memory for the Java Runtime Environment to continue.
# Native memory allocation (malloc) failed to allocate 88720 bytes. Error detail: Chunk::new
# Possible reasons:
#   The system is out of physical RAM or swap space
#   This process is running with CompressedOops enabled, and the Java Heap may be blocking the growth of the native heap
# Possible solutions:
#   Reduce memory load on the system
#   Increase physical memory or swap space
#   Check if swap backing store is full
#   Decrease Java heap size (-Xmx/-Xms)
#   Decrease number of Java threads
#   Decrease Java thread stack sizes (-Xss)
#   Set larger code cache with -XX:ReservedCodeCacheSize=
#   JVM is running with Zero Based Compressed Oops mode in which the Java heap is
#     placed in the first 32GB address space. The Java Heap base address is the
#     maximum limit for the native heap growth. Please use -XX:HeapBaseMinAddress
#     to set the Java Heap base and to place the Java Heap above 32GB virtual address.
# This output file may be truncated or incomplete.
#
#  Out of Memory Error (arena.cpp:168), pid=25628, tid=24400
#
# JRE version: OpenJDK Runtime Environment Microsoft-11369940 (21.0.7+6) (build 21.0.7+6-LTS)
# Java VM: OpenJDK 64-Bit Server VM Microsoft-11369940 (21.0.7+6-LTS, mixed mode, sharing, tiered, compressed oops, compressed class ptrs, g1 gc, windows-amd64)
# No core dump will be written. Minidumps are not enabled by default on client versions of Windows
#

---------------  S U M M A R Y ------------

Command Line: -Dmaven.multiModuleProjectDirectory=C:\Users\carlos -Djansi.passthrough=true -Dmaven.home=C:\Users\carlos\.m2\wrapper\dists\apache-maven-3.9.10-bin\53h08a94dg6djh6umvruv7q564\apache-maven-3.9.10 -Dclassworlds.conf=C:\Users\carlos\.m2\wrapper\dists\apache-maven-3.9.10-bin\53h08a94dg6djh6umvruv7q564\apache-maven-3.9.10\bin\m2.conf -Dmaven.ext.class.path=C:\Program Files\JetBrains\IntelliJ IDEA Community Edition 2023.1.2\plugins\maven\lib\maven-event-listener.jar -javaagent:C:\Program Files\JetBrains\IntelliJ IDEA Community Edition 2023.1.2\lib\idea_rt.jar=52597:C:\Program Files\JetBrains\IntelliJ IDEA Community Edition 2023.1.2\bin -Dfile.encoding=UTF-8 -Dsun.stdout.encoding=UTF-8 -Dsun.stderr.encoding=UTF-8 org.codehaus.classworlds.Launcher -Didea.version=2024.1 clean

Host: AMD Ryzen 7 1700 Eight-Core Processor          , 16 cores, 15G,  Windows 10 , 64 bit Build 19041 (10.0.19041.5915)
Time: Thu Jul 10 18:43:21 2025 Hora de verano romance elapsed time: 0.203483 seconds (0d 0h 0m 0s)

---------------  T H R E A D  ---------------

Current thread (0x000001b077533d80):  JavaThread "C2 CompilerThread0" daemon [_thread_in_native, id=24400, stack(0x0000007dda500000,0x0000007dda600000) (1024K)]


Current CompileTask:
C2:203  362       4       java.lang.AbstractStringBuilder::append (77 bytes)

Stack: [0x0000007dda500000,0x0000007dda600000]
Native frames: (J=compiled Java code, j=interpreted, Vv=VM code, C=native code)
V  [jvm.dll+0x6d4bb9]
V  [jvm.dll+0x8afa11]
V  [jvm.dll+0x8b1f3e]
V  [jvm.dll+0x8b2623]
V  [jvm.dll+0x280816]
V  [jvm.dll+0xc52bd]
V  [jvm.dll+0xc57f3]
V  [jvm.dll+0x3bbd5c]
V  [jvm.dll+0x3884b0]
V  [jvm.dll+0x38792a]
V  [jvm.dll+0x248405]
V  [jvm.dll+0x2479df]
V  [jvm.dll+0x1c7aaf]
V  [jvm.dll+0x257819]
V  [jvm.dll+0x255bca]
V  [jvm.dll+0x3f5af6]
V  [jvm.dll+0x85916b]
V  [jvm.dll+0x6d327d]
C  [ucrtbase.dll+0x21bb2]
C  [KERNEL32.DLL+0x17374]
C  [ntdll.dll+0x4cc91]


---------------  P R O C E S S  ---------------

Threads class SMR info:
_java_thread_list=0x000001b07793c320, length=13, elements={
0x000001b07751ed90, 0x000001b07751fca0, 0x000001b077525980, 0x000001b077526650,
0x000001b0775270a0, 0x000001b077527af0, 0x000001b077533d80, 0x000001b077534810,
0x000001b077637940, 0x000001b07763b810, 0x000001b0777f2090, 0x000001b0776e1f40,
0x000001b05753ef40
}

Java Threads: ( => current thread )
  0x000001b07751ed90 JavaThread "Reference Handler"          daemon [_thread_blocked, id=27736, stack(0x0000007dd9f00000,0x0000007dda000000) (1024K)]
  0x000001b07751fca0 JavaThread "Finalizer"                  daemon [_thread_blocked, id=4788, stack(0x0000007dda000000,0x0000007dda100000) (1024K)]
  0x000001b077525980 JavaThread "Signal Dispatcher"          daemon [_thread_blocked, id=24452, stack(0x0000007dda100000,0x0000007dda200000) (1024K)]
  0x000001b077526650 JavaThread "Attach Listener"            daemon [_thread_blocked, id=28396, stack(0x0000007dda200000,0x0000007dda300000) (1024K)]
  0x000001b0775270a0 JavaThread "Service Thread"             daemon [_thread_blocked, id=25392, stack(0x0000007dda300000,0x0000007dda400000) (1024K)]
  0x000001b077527af0 JavaThread "Monitor Deflation Thread"   daemon [_thread_blocked, id=24480, stack(0x0000007dda400000,0x0000007dda500000) (1024K)]
=>0x000001b077533d80 JavaThread "C2 CompilerThread0"         daemon [_thread_in_native, id=24400, stack(0x0000007dda500000,0x0000007dda600000) (1024K)]
  0x000001b077534810 JavaThread "C1 CompilerThread0"         daemon [_thread_blocked, id=23560, stack(0x0000007dda600000,0x0000007dda700000) (1024K)]
  0x000001b077637940 JavaThread "Common-Cleaner"             daemon [_thread_blocked, id=6948, stack(0x0000007dda700000,0x0000007dda800000) (1024K)]
  0x000001b07763b810 JavaThread "C1 CompilerThread1"         daemon [_thread_blocked, id=20372, stack(0x0000007dda800000,0x0000007dda900000) (1024K)]
  0x000001b0777f2090 JavaThread "Monitor Ctrl-Break"         daemon [_thread_in_native, id=27952, stack(0x0000007dda900000,0x0000007ddaa00000) (1024K)]
  0x000001b0776e1f40 JavaThread "Notification Thread"        daemon [_thread_blocked, id=26172, stack(0x0000007ddaa00000,0x0000007ddab00000) (1024K)]
  0x000001b05753ef40 JavaThread "DestroyJavaVM"                     [_thread_blocked, id=12940, stack(0x0000007dd9700000,0x0000007dd9800000) (1024K)]
Total: 13

Other Threads:
  0x000001b077501f50 VMThread "VM Thread"                           [id=18052, stack(0x0000007dd9e00000,0x0000007dd9f00000) (1024K)]
  0x000001b0774eca80 WatcherThread "VM Periodic Task Thread"        [id=27904, stack(0x0000007dd9d00000,0x0000007dd9e00000) (1024K)]
  0x000001b0575a7cd0 WorkerThread "GC Thread#0"                     [id=17672, stack(0x0000007dd9800000,0x0000007dd9900000) (1024K)]
  0x000001b0575b8cc0 ConcurrentGCThread "G1 Main Marker"            [id=24204, stack(0x0000007dd9900000,0x0000007dd9a00000) (1024K)]
  0x000001b0575b9e70 WorkerThread "G1 Conc#0"                       [id=9980, stack(0x0000007dd9a00000,0x0000007dd9b00000) (1024K)]
  0x000001b05760eab0 ConcurrentGCThread "G1 Refine#0"               [id=25428, stack(0x0000007dd9b00000,0x0000007dd9c00000) (1024K)]
  0x000001b0773ac840 ConcurrentGCThread "G1 Service"                [id=10408, stack(0x0000007dd9c00000,0x0000007dd9d00000) (1024K)]
Total: 7

Threads with active compile tasks:
C2 CompilerThread0  229  362       4       java.lang.AbstractStringBuilder::append (77 bytes)
Total: 1

VM state: not at safepoint (normal execution)

VM Mutex/Monitor currently owned by a thread: None

OutOfMemory and StackOverflow Exception counts:
OutOfMemoryError java_heap_errors=1
LinkageErrors=4

Heap address: 0x0000000700a00000, size: 4086 MB, Compressed Oops mode: Zero based, Oop shift amount: 3

CDS archive(s) mapped at: [0x000001b000000000-0x000001b000c80000-0x000001b000c80000), size 13107200, SharedBaseAddress: 0x000001b000000000, ArchiveRelocationMode: 1.
Compressed class space mapped at: 0x000001b001000000-0x000001b041000000, reserved size: 1073741824
Narrow klass base: 0x000001b000000000, Narrow klass shift: 0, Narrow klass range: 0x100000000

GC Precious Log:
 CardTable entry size: 512
 Card Set container configuration: InlinePtr #cards 4 size 8 Array Of Cards #cards 16 size 48 Howl #buckets 8 coarsen threshold 3686 Howl Bitmap #cards 512 size 80 coarsen threshold 460 Card regions per heap region 1 cards per card region 4096
 CPUs: 16 total, 16 available
 Memory: 16336M
 Large Page Support: Disabled
 NUMA Support: Disabled
 Compressed Oops: Enabled (Zero based)
 Heap Region Size: 2M
 Heap Min Capacity: 8M
 Heap Initial Capacity: 256M
 Heap Max Capacity: 4086M
 Pre-touch: Disabled
 Parallel Workers: 13
 Concurrent Workers: 3
 Concurrent Refinement Workers: 13
 Periodic GC: Disabled

Heap:
 garbage-first heap   total 262144K, used 4096K [0x0000000700a00000, 0x0000000800000000)
  region size 2048K, 3 young (6144K), 0 survivors (0K)
 Metaspace       used 1332K, committed 1472K, reserved 1114112K
  class space    used 106K, committed 192K, reserved 1048576K

Heap Regions: E=young(eden), S=young(survivor), O=old, HS=humongous(starts), HC=humongous(continues), CS=collection set, F=free, TAMS=top-at-mark-start, PB=parsable bottom
|   0|0x0000000700a00000, 0x0000000700a00000, 0x0000000700c00000|  0%| F|  |TAMS 0x0000000700a00000| PB 0x0000000700a00000| Untracked 
|   1|0x0000000700c00000, 0x0000000700c00000, 0x0000000700e00000|  0%| F|  |TAMS 0x0000000700c00000| PB 0x0000000700c00000| Untracked 
|   2|0x0000000700e00000, 0x0000000700e00000, 0x0000000701000000|  0%| F|  |TAMS 0x0000000700e00000| PB 0x0000000700e00000| Untracked 
|   3|0x0000000701000000, 0x0000000701000000, 0x0000000701200000|  0%| F|  |TAMS 0x0000000701000000| PB 0x0000000701000000| Untracked 
|   4|0x0000000701200000, 0x0000000701200000, 0x0000000701400000|  0%| F|  |TAMS 0x0000000701200000| PB 0x0000000701200000| Untracked 
|   5|0x0000000701400000, 0x0000000701400000, 0x0000000701600000|  0%| F|  |TAMS 0x0000000701400000| PB 0x0000000701400000| Untracked 
|   6|0x0000000701600000, 0x0000000701600000, 0x0000000701800000|  0%| F|  |TAMS 0x0000000701600000| PB 0x0000000701600000| Untracked 
|   7|0x0000000701800000, 0x0000000701800000, 0x0000000701a00000|  0%| F|  |TAMS 0x0000000701800000| PB 0x0000000701800000| Untracked 
|   8|0x0000000701a00000, 0x0000000701a00000, 0x0000000701c00000|  0%| F|  |TAMS 0x0000000701a00000| PB 0x0000000701a00000| Untracked 
|   9|0x0000000701c00000, 0x0000000701c00000, 0x0000000701e00000|  0%| F|  |TAMS 0x0000000701c00000| PB 0x0000000701c00000| Untracked 
|  10|0x0000000701e00000, 0x0000000701e00000, 0x0000000702000000|  0%| F|  |TAMS 0x0000000701e00000| PB 0x0000000701e00000| Untracked 
|  11|0x0000000702000000, 0x0000000702000000, 0x0000000702200000|  0%| F|  |TAMS 0x0000000702000000| PB 0x0000000702000000| Untracked 
|  12|0x0000000702200000, 0x0000000702200000, 0x0000000702400000|  0%| F|  |TAMS 0x0000000702200000| PB 0x0000000702200000| Untracked 
|  13|0x0000000702400000, 0x0000000702400000, 0x0000000702600000|  0%| F|  |TAMS 0x0000000702400000| PB 0x0000000702400000| Untracked 
|  14|0x0000000702600000, 0x0000000702600000, 0x0000000702800000|  0%| F|  |TAMS 0x0000000702600000| PB 0x0000000702600000| Untracked 
|  15|0x0000000702800000, 0x0000000702800000, 0x0000000702a00000|  0%| F|  |TAMS 0x0000000702800000| PB 0x0000000702800000| Untracked 
|  16|0x0000000702a00000, 0x0000000702a00000, 0x0000000702c00000|  0%| F|  |TAMS 0x0000000702a00000| PB 0x0000000702a00000| Untracked 
|  17|0x0000000702c00000, 0x0000000702c00000, 0x0000000702e00000|  0%| F|  |TAMS 0x0000000702c00000| PB 0x0000000702c00000| Untracked 
|  18|0x0000000702e00000, 0x0000000702e00000, 0x0000000703000000|  0%| F|  |TAMS 0x0000000702e00000| PB 0x0000000702e00000| Untracked 
|  19|0x0000000703000000, 0x0000000703000000, 0x0000000703200000|  0%| F|  |TAMS 0x0000000703000000| PB 0x0000000703000000| Untracked 
|  20|0x0000000703200000, 0x0000000703200000, 0x0000000703400000|  0%| F|  |TAMS 0x0000000703200000| PB 0x0000000703200000| Untracked 
|  21|0x0000000703400000, 0x0000000703400000, 0x0000000703600000|  0%| F|  |TAMS 0x0000000703400000| PB 0x0000000703400000| Untracked 
|  22|0x0000000703600000, 0x0000000703600000, 0x0000000703800000|  0%| F|  |TAMS 0x0000000703600000| PB 0x0000000703600000| Untracked 
|  23|0x0000000703800000, 0x0000000703800000, 0x0000000703a00000|  0%| F|  |TAMS 0x0000000703800000| PB 0x0000000703800000| Untracked 
|  24|0x0000000703a00000, 0x0000000703a00000, 0x0000000703c00000|  0%| F|  |TAMS 0x0000000703a00000| PB 0x0000000703a00000| Untracked 
|  25|0x0000000703c00000, 0x0000000703c00000, 0x0000000703e00000|  0%| F|  |TAMS 0x0000000703c00000| PB 0x0000000703c00000| Untracked 
|  26|0x0000000703e00000, 0x0000000703e00000, 0x0000000704000000|  0%| F|  |TAMS 0x0000000703e00000| PB 0x0000000703e00000| Untracked 
|  27|0x0000000704000000, 0x0000000704000000, 0x0000000704200000|  0%| F|  |TAMS 0x0000000704000000| PB 0x0000000704000000| Untracked 
|  28|0x0000000704200000, 0x0000000704200000, 0x0000000704400000|  0%| F|  |TAMS 0x0000000704200000| PB 0x0000000704200000| Untracked 
|  29|0x0000000704400000, 0x0000000704400000, 0x0000000704600000|  0%| F|  |TAMS 0x0000000704400000| PB 0x0000000704400000| Untracked 
|  30|0x0000000704600000, 0x0000000704600000, 0x0000000704800000|  0%| F|  |TAMS 0x0000000704600000| PB 0x0000000704600000| Untracked 
|  31|0x0000000704800000, 0x0000000704800000, 0x0000000704a00000|  0%| F|  |TAMS 0x0000000704800000| PB 0x0000000704800000| Untracked 
|  32|0x0000000704a00000, 0x0000000704a00000, 0x0000000704c00000|  0%| F|  |TAMS 0x0000000704a00000| PB 0x0000000704a00000| Untracked 
|  33|0x0000000704c00000, 0x0000000704c00000, 0x0000000704e00000|  0%| F|  |TAMS 0x0000000704c00000| PB 0x0000000704c00000| Untracked 
|  34|0x0000000704e00000, 0x0000000704e00000, 0x0000000705000000|  0%| F|  |TAMS 0x0000000704e00000| PB 0x0000000704e00000| Untracked 
|  35|0x0000000705000000, 0x0000000705000000, 0x0000000705200000|  0%| F|  |TAMS 0x0000000705000000| PB 0x0000000705000000| Untracked 
|  36|0x0000000705200000, 0x0000000705200000, 0x0000000705400000|  0%| F|  |TAMS 0x0000000705200000| PB 0x0000000705200000| Untracked 
|  37|0x0000000705400000, 0x0000000705400000, 0x0000000705600000|  0%| F|  |TAMS 0x0000000705400000| PB 0x0000000705400000| Untracked 
|  38|0x0000000705600000, 0x0000000705600000, 0x0000000705800000|  0%| F|  |TAMS 0x0000000705600000| PB 0x0000000705600000| Untracked 
|  39|0x0000000705800000, 0x0000000705800000, 0x0000000705a00000|  0%| F|  |TAMS 0x0000000705800000| PB 0x0000000705800000| Untracked 
|  40|0x0000000705a00000, 0x0000000705a00000, 0x0000000705c00000|  0%| F|  |TAMS 0x0000000705a00000| PB 0x0000000705a00000| Untracked 
|  41|0x0000000705c00000, 0x0000000705c00000, 0x0000000705e00000|  0%| F|  |TAMS 0x0000000705c00000| PB 0x0000000705c00000| Untracked 
|  42|0x0000000705e00000, 0x0000000705e00000, 0x0000000706000000|  0%| F|  |TAMS 0x0000000705e00000| PB 0x0000000705e00000| Untracked 
|  43|0x0000000706000000, 0x0000000706000000, 0x0000000706200000|  0%| F|  |TAMS 0x0000000706000000| PB 0x0000000706000000| Untracked 
|  44|0x0000000706200000, 0x0000000706200000, 0x0000000706400000|  0%| F|  |TAMS 0x0000000706200000| PB 0x0000000706200000| Untracked 
|  45|0x0000000706400000, 0x0000000706400000, 0x0000000706600000|  0%| F|  |TAMS 0x0000000706400000| PB 0x0000000706400000| Untracked 
|  46|0x0000000706600000, 0x0000000706600000, 0x0000000706800000|  0%| F|  |TAMS 0x0000000706600000| PB 0x0000000706600000| Untracked 
|  47|0x0000000706800000, 0x0000000706800000, 0x0000000706a00000|  0%| F|  |TAMS 0x0000000706800000| PB 0x0000000706800000| Untracked 
|  48|0x0000000706a00000, 0x0000000706a00000, 0x0000000706c00000|  0%| F|  |TAMS 0x0000000706a00000| PB 0x0000000706a00000| Untracked 
|  49|0x0000000706c00000, 0x0000000706c00000, 0x0000000706e00000|  0%| F|  |TAMS 0x0000000706c00000| PB 0x0000000706c00000| Untracked 
|  50|0x0000000706e00000, 0x0000000706e00000, 0x0000000707000000|  0%| F|  |TAMS 0x0000000706e00000| PB 0x0000000706e00000| Untracked 
|  51|0x0000000707000000, 0x0000000707000000, 0x0000000707200000|  0%| F|  |TAMS 0x0000000707000000| PB 0x0000000707000000| Untracked 
|  52|0x0000000707200000, 0x0000000707200000, 0x0000000707400000|  0%| F|  |TAMS 0x0000000707200000| PB 0x0000000707200000| Untracked 
|  53|0x0000000707400000, 0x0000000707400000, 0x0000000707600000|  0%| F|  |TAMS 0x0000000707400000| PB 0x0000000707400000| Untracked 
|  54|0x0000000707600000, 0x0000000707600000, 0x0000000707800000|  0%| F|  |TAMS 0x0000000707600000| PB 0x0000000707600000| Untracked 
|  55|0x0000000707800000, 0x0000000707800000, 0x0000000707a00000|  0%| F|  |TAMS 0x0000000707800000| PB 0x0000000707800000| Untracked 
|  56|0x0000000707a00000, 0x0000000707a00000, 0x0000000707c00000|  0%| F|  |TAMS 0x0000000707a00000| PB 0x0000000707a00000| Untracked 
|  57|0x0000000707c00000, 0x0000000707c00000, 0x0000000707e00000|  0%| F|  |TAMS 0x0000000707c00000| PB 0x0000000707c00000| Untracked 
|  58|0x0000000707e00000, 0x0000000707e00000, 0x0000000708000000|  0%| F|  |TAMS 0x0000000707e00000| PB 0x0000000707e00000| Untracked 
|  59|0x0000000708000000, 0x0000000708000000, 0x0000000708200000|  0%| F|  |TAMS 0x0000000708000000| PB 0x0000000708000000| Untracked 
|  60|0x0000000708200000, 0x0000000708200000, 0x0000000708400000|  0%| F|  |TAMS 0x0000000708200000| PB 0x0000000708200000| Untracked 
|  61|0x0000000708400000, 0x0000000708400000, 0x0000000708600000|  0%| F|  |TAMS 0x0000000708400000| PB 0x0000000708400000| Untracked 
|  62|0x0000000708600000, 0x0000000708600000, 0x0000000708800000|  0%| F|  |TAMS 0x0000000708600000| PB 0x0000000708600000| Untracked 
|  63|0x0000000708800000, 0x0000000708800000, 0x0000000708a00000|  0%| F|  |TAMS 0x0000000708800000| PB 0x0000000708800000| Untracked 
|  64|0x0000000708a00000, 0x0000000708a00000, 0x0000000708c00000|  0%| F|  |TAMS 0x0000000708a00000| PB 0x0000000708a00000| Untracked 
|  65|0x0000000708c00000, 0x0000000708c00000, 0x0000000708e00000|  0%| F|  |TAMS 0x0000000708c00000| PB 0x0000000708c00000| Untracked 
|  66|0x0000000708e00000, 0x0000000708e00000, 0x0000000709000000|  0%| F|  |TAMS 0x0000000708e00000| PB 0x0000000708e00000| Untracked 
|  67|0x0000000709000000, 0x0000000709000000, 0x0000000709200000|  0%| F|  |TAMS 0x0000000709000000| PB 0x0000000709000000| Untracked 
|  68|0x0000000709200000, 0x0000000709200000, 0x0000000709400000|  0%| F|  |TAMS 0x0000000709200000| PB 0x0000000709200000| Untracked 
|  69|0x0000000709400000, 0x0000000709400000, 0x0000000709600000|  0%| F|  |TAMS 0x0000000709400000| PB 0x0000000709400000| Untracked 
|  70|0x0000000709600000, 0x0000000709600000, 0x0000000709800000|  0%| F|  |TAMS 0x0000000709600000| PB 0x0000000709600000| Untracked 
|  71|0x0000000709800000, 0x0000000709800000, 0x0000000709a00000|  0%| F|  |TAMS 0x0000000709800000| PB 0x0000000709800000| Untracked 
|  72|0x0000000709a00000, 0x0000000709a00000, 0x0000000709c00000|  0%| F|  |TAMS 0x0000000709a00000| PB 0x0000000709a00000| Untracked 
|  73|0x0000000709c00000, 0x0000000709c00000, 0x0000000709e00000|  0%| F|  |TAMS 0x0000000709c00000| PB 0x0000000709c00000| Untracked 
|  74|0x0000000709e00000, 0x0000000709e00000, 0x000000070a000000|  0%| F|  |TAMS 0x0000000709e00000| PB 0x0000000709e00000| Untracked 
|  75|0x000000070a000000, 0x000000070a000000, 0x000000070a200000|  0%| F|  |TAMS 0x000000070a000000| PB 0x000000070a000000| Untracked 
|  76|0x000000070a200000, 0x000000070a200000, 0x000000070a400000|  0%| F|  |TAMS 0x000000070a200000| PB 0x000000070a200000| Untracked 
|  77|0x000000070a400000, 0x000000070a400000, 0x000000070a600000|  0%| F|  |TAMS 0x000000070a400000| PB 0x000000070a400000| Untracked 
|  78|0x000000070a600000, 0x000000070a600000, 0x000000070a800000|  0%| F|  |TAMS 0x000000070a600000| PB 0x000000070a600000| Untracked 
|  79|0x000000070a800000, 0x000000070a800000, 0x000000070aa00000|  0%| F|  |TAMS 0x000000070a800000| PB 0x000000070a800000| Untracked 
|  80|0x000000070aa00000, 0x000000070aa00000, 0x000000070ac00000|  0%| F|  |TAMS 0x000000070aa00000| PB 0x000000070aa00000| Untracked 
|  81|0x000000070ac00000, 0x000000070ac00000, 0x000000070ae00000|  0%| F|  |TAMS 0x000000070ac00000| PB 0x000000070ac00000| Untracked 
|  82|0x000000070ae00000, 0x000000070ae00000, 0x000000070b000000|  0%| F|  |TAMS 0x000000070ae00000| PB 0x000000070ae00000| Untracked 
|  83|0x000000070b000000, 0x000000070b000000, 0x000000070b200000|  0%| F|  |TAMS 0x000000070b000000| PB 0x000000070b000000| Untracked 
|  84|0x000000070b200000, 0x000000070b200000, 0x000000070b400000|  0%| F|  |TAMS 0x000000070b200000| PB 0x000000070b200000| Untracked 
|  85|0x000000070b400000, 0x000000070b400000, 0x000000070b600000|  0%| F|  |TAMS 0x000000070b400000| PB 0x000000070b400000| Untracked 
|  86|0x000000070b600000, 0x000000070b600000, 0x000000070b800000|  0%| F|  |TAMS 0x000000070b600000| PB 0x000000070b600000| Untracked 
|  87|0x000000070b800000, 0x000000070b800000, 0x000000070ba00000|  0%| F|  |TAMS 0x000000070b800000| PB 0x000000070b800000| Untracked 
|  88|0x000000070ba00000, 0x000000070ba00000, 0x000000070bc00000|  0%| F|  |TAMS 0x000000070ba00000| PB 0x000000070ba00000| Untracked 
|  89|0x000000070bc00000, 0x000000070bc00000, 0x000000070be00000|  0%| F|  |TAMS 0x000000070bc00000| PB 0x000000070bc00000| Untracked 
|  90|0x000000070be00000, 0x000000070be00000, 0x000000070c000000|  0%| F|  |TAMS 0x000000070be00000| PB 0x000000070be00000| Untracked 
|  91|0x000000070c000000, 0x000000070c000000, 0x000000070c200000|  0%| F|  |TAMS 0x000000070c000000| PB 0x000000070c000000| Untracked 
|  92|0x000000070c200000, 0x000000070c200000, 0x000000070c400000|  0%| F|  |TAMS 0x000000070c200000| PB 0x000000070c200000| Untracked 
|  93|0x000000070c400000, 0x000000070c400000, 0x000000070c600000|  0%| F|  |TAMS 0x000000070c400000| PB 0x000000070c400000| Untracked 
|  94|0x000000070c600000, 0x000000070c600000, 0x000000070c800000|  0%| F|  |TAMS 0x000000070c600000| PB 0x000000070c600000| Untracked 
|  95|0x000000070c800000, 0x000000070c800000, 0x000000070ca00000|  0%| F|  |TAMS 0x000000070c800000| PB 0x000000070c800000| Untracked 
|  96|0x000000070ca00000, 0x000000070ca00000, 0x000000070cc00000|  0%| F|  |TAMS 0x000000070ca00000| PB 0x000000070ca00000| Untracked 
|  97|0x000000070cc00000, 0x000000070cc00000, 0x000000070ce00000|  0%| F|  |TAMS 0x000000070cc00000| PB 0x000000070cc00000| Untracked 
|  98|0x000000070ce00000, 0x000000070ce00000, 0x000000070d000000|  0%| F|  |TAMS 0x000000070ce00000| PB 0x000000070ce00000| Untracked 
|  99|0x000000070d000000, 0x000000070d000000, 0x000000070d200000|  0%| F|  |TAMS 0x000000070d000000| PB 0x000000070d000000| Untracked 
| 100|0x000000070d200000, 0x000000070d200000, 0x000000070d400000|  0%| F|  |TAMS 0x000000070d200000| PB 0x000000070d200000| Untracked 
| 101|0x000000070d400000, 0x000000070d400000, 0x000000070d600000|  0%| F|  |TAMS 0x000000070d400000| PB 0x000000070d400000| Untracked 
| 102|0x000000070d600000, 0x000000070d600000, 0x000000070d800000|  0%| F|  |TAMS 0x000000070d600000| PB 0x000000070d600000| Untracked 
| 103|0x000000070d800000, 0x000000070d800000, 0x000000070da00000|  0%| F|  |TAMS 0x000000070d800000| PB 0x000000070d800000| Untracked 
| 104|0x000000070da00000, 0x000000070da00000, 0x000000070dc00000|  0%| F|  |TAMS 0x000000070da00000| PB 0x000000070da00000| Untracked 
| 105|0x000000070dc00000, 0x000000070dc00000, 0x000000070de00000|  0%| F|  |TAMS 0x000000070dc00000| PB 0x000000070dc00000| Untracked 
| 106|0x000000070de00000, 0x000000070de00000, 0x000000070e000000|  0%| F|  |TAMS 0x000000070de00000| PB 0x000000070de00000| Untracked 
| 107|0x000000070e000000, 0x000000070e000000, 0x000000070e200000|  0%| F|  |TAMS 0x000000070e000000| PB 0x000000070e000000| Untracked 
| 108|0x000000070e200000, 0x000000070e200000, 0x000000070e400000|  0%| F|  |TAMS 0x000000070e200000| PB 0x000000070e200000| Untracked 
| 109|0x000000070e400000, 0x000000070e400000, 0x000000070e600000|  0%| F|  |TAMS 0x000000070e400000| PB 0x000000070e400000| Untracked 
| 110|0x000000070e600000, 0x000000070e600000, 0x000000070e800000|  0%| F|  |TAMS 0x000000070e600000| PB 0x000000070e600000| Untracked 
| 111|0x000000070e800000, 0x000000070e800000, 0x000000070ea00000|  0%| F|  |TAMS 0x000000070e800000| PB 0x000000070e800000| Untracked 
| 112|0x000000070ea00000, 0x000000070ea00000, 0x000000070ec00000|  0%| F|  |TAMS 0x000000070ea00000| PB 0x000000070ea00000| Untracked 
| 113|0x000000070ec00000, 0x000000070ec00000, 0x000000070ee00000|  0%| F|  |TAMS 0x000000070ec00000| PB 0x000000070ec00000| Untracked 
| 114|0x000000070ee00000, 0x000000070ee00000, 0x000000070f000000|  0%| F|  |TAMS 0x000000070ee00000| PB 0x000000070ee00000| Untracked 
| 115|0x000000070f000000, 0x000000070f000000, 0x000000070f200000|  0%| F|  |TAMS 0x000000070f000000| PB 0x000000070f000000| Untracked 
| 116|0x000000070f200000, 0x000000070f200000, 0x000000070f400000|  0%| F|  |TAMS 0x000000070f200000| PB 0x000000070f200000| Untracked 
| 117|0x000000070f400000, 0x000000070f400000, 0x000000070f600000|  0%| F|  |TAMS 0x000000070f400000| PB 0x000000070f400000| Untracked 
| 118|0x000000070f600000, 0x000000070f600000, 0x000000070f800000|  0%| F|  |TAMS 0x000000070f600000| PB 0x000000070f600000| Untracked 
| 119|0x000000070f800000, 0x000000070f800000, 0x000000070fa00000|  0%| F|  |TAMS 0x000000070f800000| PB 0x000000070f800000| Untracked 
| 120|0x000000070fa00000, 0x000000070fa00000, 0x000000070fc00000|  0%| F|  |TAMS 0x000000070fa00000| PB 0x000000070fa00000| Untracked 
| 121|0x000000070fc00000, 0x000000070fc00000, 0x000000070fe00000|  0%| F|  |TAMS 0x000000070fc00000| PB 0x000000070fc00000| Untracked 
| 122|0x000000070fe00000, 0x000000070fe00000, 0x0000000710000000|  0%| F|  |TAMS 0x000000070fe00000| PB 0x000000070fe00000| Untracked 
| 123|0x0000000710000000, 0x0000000710000000, 0x0000000710200000|  0%| F|  |TAMS 0x0000000710000000| PB 0x0000000710000000| Untracked 
| 124|0x0000000710200000, 0x0000000710200000, 0x0000000710400000|  0%| F|  |TAMS 0x0000000710200000| PB 0x0000000710200000| Untracked 
| 125|0x0000000710400000, 0x0000000710600000, 0x0000000710600000|100%| E|  |TAMS 0x0000000710400000| PB 0x0000000710400000| Complete 
| 126|0x0000000710600000, 0x0000000710800000, 0x0000000710800000|100%| E|CS|TAMS 0x0000000710600000| PB 0x0000000710600000| Complete 
| 127|0x0000000710800000, 0x0000000710a00000, 0x0000000710a00000|100%| E|CS|TAMS 0x0000000710800000| PB 0x0000000710800000| Complete 

Card table byte_map: [0x000001b06fcd0000,0x000001b0704d0000] _byte_map_base: 0x000001b06c4cb000

Marking Bits: (CMBitMap*) 0x000001b0575a82e0
 Bits: [0x000001b0704d0000, 0x000001b0744a8000)

Polling page: 0x000001b055430000

Metaspace:

Usage:
  Non-class:      1.20 MB used.
      Class:    106.34 KB used.
       Both:      1.30 MB used.

Virtual space:
  Non-class space:       64.00 MB reserved,       1.25 MB (  2%) committed,  1 nodes.
      Class space:        1.00 GB reserved,     192.00 KB ( <1%) committed,  1 nodes.
             Both:        1.06 GB reserved,       1.44 MB ( <1%) committed. 

Chunk freelists:
   Non-Class:  11.84 MB
       Class:  15.72 MB
        Both:  27.56 MB

MaxMetaspaceSize: unlimited
CompressedClassSpaceSize: 1.00 GB
Initial GC threshold: 21.00 MB
Current GC threshold: 21.00 MB
CDS: on
 - commit_granule_bytes: 65536.
 - commit_granule_words: 8192.
 - virtual_space_node_default_size: 8388608.
 - enlarge_chunks_in_place: 1.
 - use_allocation_guard: 0.


Internal statistics:

num_allocs_failed_limit: 0.
num_arena_births: 30.
num_arena_deaths: 0.
num_vsnodes_births: 2.
num_vsnodes_deaths: 0.
num_space_committed: 23.
num_space_uncommitted: 0.
num_chunks_returned_to_freelist: 0.
num_chunks_taken_from_freelist: 46.
num_chunk_merges: 0.
num_chunk_splits: 27.
num_chunks_enlarged: 16.
num_inconsistent_stats: 0.

CodeHeap 'non-profiled nmethods': size=119168Kb used=140Kb max_used=140Kb free=119027Kb
 bounds [0x000001b0677e0000, 0x000001b067a50000, 0x000001b06ec40000]
CodeHeap 'profiled nmethods': size=119104Kb used=518Kb max_used=518Kb free=118585Kb
 bounds [0x000001b05fc40000, 0x000001b05feb0000, 0x000001b067090000]
CodeHeap 'non-nmethods': size=7488Kb used=1878Kb max_used=1893Kb free=5609Kb
 bounds [0x000001b067090000, 0x000001b067300000, 0x000001b0677e0000]
 total_blobs=832 nmethods=404 adapters=332
 compilation: enabled
              stopped_count=0, restarted_count=0
 full_count=0

Compilation events (20 events):
Event: 0.198 Thread 0x000001b077534810  379       1       java.util.ArrayList::size (5 bytes)
Event: 0.198 Thread 0x000001b077534810 nmethod 379 0x000001b067801290 code [0x000001b067801420, 0x000001b0678014e8]
Event: 0.199 Thread 0x000001b077533d80 nmethod 369 0x000001b067801590 code [0x000001b067801720, 0x000001b067801878]
Event: 0.199 Thread 0x000001b077533d80  362       4       java.lang.AbstractStringBuilder::append (77 bytes)
Event: 0.199 Thread 0x000001b07763b810  380       3       java.lang.StringConcatHelper::stringOf (20 bytes)
Event: 0.199 Thread 0x000001b077534810  381       3       java.lang.StringConcatHelper::mix (27 bytes)
Event: 0.199 Thread 0x000001b07763b810 nmethod 380 0x000001b05fcb9690 code [0x000001b05fcb9840, 0x000001b05fcb9a70]
Event: 0.199 Thread 0x000001b07763b810  382       3       java.lang.StringConcatHelper::checkOverflow (17 bytes)
Event: 0.199 Thread 0x000001b07763b810 nmethod 382 0x000001b05fcb9b10 code [0x000001b05fcb9cc0, 0x000001b05fcb9e88]
Event: 0.199 Thread 0x000001b07763b810  384       3       java.util.zip.ZipFile$Source::getEntryHash (7 bytes)
Event: 0.199 Thread 0x000001b077534810 nmethod 381 0x000001b05fcb9f90 code [0x000001b05fcba160, 0x000001b05fcba548]
Event: 0.199 Thread 0x000001b07763b810 nmethod 384 0x000001b05fcba710 code [0x000001b05fcba8c0, 0x000001b05fcbaa00]
Event: 0.199 Thread 0x000001b077534810  383       3       java.lang.StringConcatHelper::prepend (37 bytes)
Event: 0.199 Thread 0x000001b07763b810  385       3       sun.nio.fs.WindowsPathParser::nextNonSlash (24 bytes)
Event: 0.199 Thread 0x000001b077534810 nmethod 383 0x000001b05fcbab10 code [0x000001b05fcbace0, 0x000001b05fcbafa8]
Event: 0.200 Thread 0x000001b07763b810 nmethod 385 0x000001b05fcbb110 code [0x000001b05fcbb320, 0x000001b05fcbba30]
Event: 0.200 Thread 0x000001b07763b810  386       3       java.io.WinNTFileSystem::normalize (143 bytes)
Event: 0.200 Thread 0x000001b077534810  387       1       java.lang.Integer::intValue (5 bytes)
Event: 0.201 Thread 0x000001b077534810 nmethod 387 0x000001b067801910 code [0x000001b067801aa0, 0x000001b067801b68]
Event: 0.201 Thread 0x000001b07763b810 nmethod 386 0x000001b05fcbbd10 code [0x000001b05fcbbfa0, 0x000001b05fcbca08]

GC Heap History (0 events):
No events

Dll operation events (9 events):
Event: 0.008 Loaded shared library C:\Users\carlos\.jdks\ms-21.0.7\bin\java.dll
Event: 0.046 Loaded shared library C:\Users\carlos\.jdks\ms-21.0.7\bin\jsvml.dll
Event: 0.089 Loaded shared library C:\Users\carlos\.jdks\ms-21.0.7\bin\zip.dll
Event: 0.092 Loaded shared library C:\Users\carlos\.jdks\ms-21.0.7\bin\instrument.dll
Event: 0.099 Loaded shared library C:\Users\carlos\.jdks\ms-21.0.7\bin\net.dll
Event: 0.102 Loaded shared library C:\Users\carlos\.jdks\ms-21.0.7\bin\nio.dll
Event: 0.106 Loaded shared library C:\Users\carlos\.jdks\ms-21.0.7\bin\zip.dll
Event: 0.122 Loaded shared library C:\Program Files\JetBrains\IntelliJ IDEA Community Edition 2023.1.2\bin\breakgen64.dll
Event: 0.131 Loaded shared library C:\Users\carlos\.jdks\ms-21.0.7\bin\extnet.dll

Deoptimization events (20 events):
Event: 0.123 Thread 0x000001b05753ef40 DEOPT PACKING pc=0x000001b0677f0370 sp=0x0000007dd97fdd50
Event: 0.123 Thread 0x000001b05753ef40 DEOPT UNPACKING pc=0x000001b0670e46a2 sp=0x0000007dd97fdcd0 mode 2
Event: 0.123 Thread 0x000001b05753ef40 Uncommon trap: trap_request=0xffffffde fr.pc=0x000001b0677f0370 relative=0x0000000000000930
Event: 0.123 Thread 0x000001b05753ef40 Uncommon trap: reason=class_check action=maybe_recompile pc=0x000001b0677f0370 method=java.util.HashMap.putVal(ILjava/lang/Object;Ljava/lang/Object;ZZ)Ljava/lang/Object; @ 152 c2
Event: 0.123 Thread 0x000001b05753ef40 DEOPT PACKING pc=0x000001b0677f0370 sp=0x0000007dd97fdd50
Event: 0.123 Thread 0x000001b05753ef40 DEOPT UNPACKING pc=0x000001b0670e46a2 sp=0x0000007dd97fdcd0 mode 2
Event: 0.124 Thread 0x000001b05753ef40 Uncommon trap: trap_request=0xffffffde fr.pc=0x000001b0677f0370 relative=0x0000000000000930
Event: 0.124 Thread 0x000001b05753ef40 Uncommon trap: reason=class_check action=maybe_recompile pc=0x000001b0677f0370 method=java.util.HashMap.putVal(ILjava/lang/Object;Ljava/lang/Object;ZZ)Ljava/lang/Object; @ 152 c2
Event: 0.124 Thread 0x000001b05753ef40 DEOPT PACKING pc=0x000001b0677f0370 sp=0x0000007dd97fdd50
Event: 0.124 Thread 0x000001b05753ef40 DEOPT UNPACKING pc=0x000001b0670e46a2 sp=0x0000007dd97fdcd0 mode 2
Event: 0.181 Thread 0x000001b05753ef40 DEOPT PACKING pc=0x000001b05fc84ec9 sp=0x0000007dd97fde90
Event: 0.181 Thread 0x000001b05753ef40 DEOPT UNPACKING pc=0x000001b0670e4e42 sp=0x0000007dd97fd300 mode 0
Event: 0.181 Thread 0x000001b05753ef40 DEOPT PACKING pc=0x000001b05fc84ec9 sp=0x0000007dd97fde90
Event: 0.181 Thread 0x000001b05753ef40 DEOPT UNPACKING pc=0x000001b0670e4e42 sp=0x0000007dd97fd300 mode 0
Event: 0.181 Thread 0x000001b05753ef40 DEOPT PACKING pc=0x000001b05fc84ec9 sp=0x0000007dd97fde90
Event: 0.181 Thread 0x000001b05753ef40 DEOPT UNPACKING pc=0x000001b0670e4e42 sp=0x0000007dd97fd300 mode 0
Event: 0.182 Thread 0x000001b05753ef40 DEOPT PACKING pc=0x000001b05fc84ec9 sp=0x0000007dd97fde90
Event: 0.182 Thread 0x000001b05753ef40 DEOPT UNPACKING pc=0x000001b0670e4e42 sp=0x0000007dd97fd300 mode 0
Event: 0.182 Thread 0x000001b05753ef40 DEOPT PACKING pc=0x000001b05fc84ec9 sp=0x0000007dd97fde90
Event: 0.182 Thread 0x000001b05753ef40 DEOPT UNPACKING pc=0x000001b0670e4e42 sp=0x0000007dd97fd300 mode 0

Classes loaded (20 events):
Event: 0.169 Loading class java/net/URLClassLoader$1
Event: 0.169 Loading class java/net/URLClassLoader$1 done
Event: 0.169 Loading class jdk/internal/loader/URLClassPath$FileLoader
Event: 0.169 Loading class jdk/internal/loader/URLClassPath$FileLoader done
Event: 0.190 Loading class sun/net/www/protocol/file/FileURLConnection
Event: 0.190 Loading class sun/net/www/URLConnection
Event: 0.190 Loading class java/net/URLConnection
Event: 0.191 Loading class java/net/URLConnection done
Event: 0.191 Loading class sun/net/www/URLConnection done
Event: 0.191 Loading class sun/net/www/protocol/file/FileURLConnection done
Event: 0.191 Loading class sun/net/www/MessageHeader
Event: 0.191 Loading class sun/net/www/MessageHeader done
Event: 0.191 Loading class java/io/FilePermission$1
Event: 0.191 Loading class jdk/internal/access/JavaIOFilePermissionAccess
Event: 0.191 Loading class jdk/internal/access/JavaIOFilePermissionAccess done
Event: 0.191 Loading class java/io/FilePermission$1 done
Event: 0.195 Loading class java/io/FilePermissionCollection
Event: 0.195 Loading class java/io/FilePermissionCollection done
Event: 0.195 Loading class java/util/Vector
Event: 0.196 Loading class java/util/Vector done

Classes unloaded (0 events):
No events

Classes redefined (0 events):
No events

Internal exceptions (4 events):
Event: 0.113 Thread 0x000001b05753ef40 Exception <a 'java/lang/NoSuchMethodError'{0x0000000710776e68}: 'void java.lang.invoke.DirectMethodHandle$Holder.invokeStatic(java.lang.Object, java.lang.Object, java.lang.Object)'> (0x0000000710776e68) 
thrown [s\src\hotspot\share\interpreter\linkResolver.cpp, line 773]
Event: 0.118 Thread 0x000001b05753ef40 Exception <a 'java/lang/NoSuchMethodError'{0x000000071078e980}: 'java.lang.Object java.lang.invoke.Invokers$Holder.invokeExact_MT(java.lang.Object, java.lang.Object, java.lang.Object, java.lang.Object, java.lang.Object)'> (0x000000071078e980) 
thrown [s\src\hotspot\share\interpreter\linkResolver.cpp, line 773]
Event: 0.133 Thread 0x000001b0777f2090 Exception <a 'java/lang/NoSuchMethodError'{0x00000007107cba78}: 'void java.lang.invoke.DirectMethodHandle$Holder.invokeStatic(java.lang.Object, java.lang.Object)'> (0x00000007107cba78) 
thrown [s\src\hotspot\share\interpreter\linkResolver.cpp, line 773]
Event: 0.167 Thread 0x000001b05753ef40 Exception <a 'java/lang/NoSuchMethodError'{0x0000000710447138}: 'int java.lang.invoke.DirectMethodHandle$Holder.invokeSpecial(java.lang.Object, java.lang.Object, java.lang.Object)'> (0x0000000710447138) 
thrown [s\src\hotspot\share\interpreter\linkResolver.cpp, line 773]

ZGC Phase Switch (0 events):
No events

VM Operations (2 events):
Event: 0.075 Executing VM operation: HandshakeAllThreads (Deoptimize)
Event: 0.075 Executing VM operation: HandshakeAllThreads (Deoptimize) done

Memory protections (0 events):
No events

Nmethod flushes (0 events):
No events

Events (13 events):
Event: 0.027 Thread 0x000001b05753ef40 Thread added: 0x000001b05753ef40
Event: 0.042 Thread 0x000001b05753ef40 Thread added: 0x000001b07751ed90
Event: 0.042 Thread 0x000001b05753ef40 Thread added: 0x000001b07751fca0
Event: 0.043 Thread 0x000001b05753ef40 Thread added: 0x000001b077525980
Event: 0.043 Thread 0x000001b05753ef40 Thread added: 0x000001b077526650
Event: 0.043 Thread 0x000001b05753ef40 Thread added: 0x000001b0775270a0
Event: 0.043 Thread 0x000001b05753ef40 Thread added: 0x000001b077527af0
Event: 0.043 Thread 0x000001b05753ef40 Thread added: 0x000001b077533d80
Event: 0.043 Thread 0x000001b05753ef40 Thread added: 0x000001b077534810
Event: 0.068 Thread 0x000001b05753ef40 Thread added: 0x000001b077637940
Event: 0.075 Thread 0x000001b077534810 Thread added: 0x000001b07763b810
Event: 0.122 Thread 0x000001b05753ef40 Thread added: 0x000001b0777f2090
Event: 0.122 Thread 0x000001b05753ef40 Thread added: 0x000001b0776e1f40


Dynamic libraries:
0x00007ff7eed40000 - 0x00007ff7eed4e000 	C:\Users\carlos\.jdks\ms-21.0.7\bin\java.exe
0x00007ff8e5830000 - 0x00007ff8e5a28000 	C:\WINDOWS\SYSTEM32\ntdll.dll
0x00007ff8e4710000 - 0x00007ff8e47d2000 	C:\WINDOWS\System32\KERNEL32.DLL
0x00007ff8e3020000 - 0x00007ff8e3316000 	C:\WINDOWS\System32\KERNELBASE.dll
0x00007ff8e3720000 - 0x00007ff8e3820000 	C:\WINDOWS\System32\ucrtbase.dll
0x00007ff8c2150000 - 0x00007ff8c2168000 	C:\Users\carlos\.jdks\ms-21.0.7\bin\jli.dll
0x00007ff8b0ed0000 - 0x00007ff8b0eed000 	C:\Users\carlos\.jdks\ms-21.0.7\bin\VCRUNTIME140.dll
0x00007ff8e4f70000 - 0x00007ff8e510d000 	C:\WINDOWS\System32\USER32.dll
0x00007ff8e3320000 - 0x00007ff8e3342000 	C:\WINDOWS\System32\win32u.dll
0x00007ff8d04f0000 - 0x00007ff8d078a000 	C:\WINDOWS\WinSxS\amd64_microsoft.windows.common-controls_6595b64144ccf1df_6.0.19041.5915_none_60b4b9d171f9c7c7\COMCTL32.dll
0x00007ff8e3940000 - 0x00007ff8e396b000 	C:\WINDOWS\System32\GDI32.dll
0x00007ff8e3600000 - 0x00007ff8e3719000 	C:\WINDOWS\System32\gdi32full.dll
0x00007ff8e5190000 - 0x00007ff8e522e000 	C:\WINDOWS\System32\msvcrt.dll
0x00007ff8e3560000 - 0x00007ff8e35fd000 	C:\WINDOWS\System32\msvcp_win.dll
0x00007ff8e4940000 - 0x00007ff8e496f000 	C:\WINDOWS\System32\IMM32.DLL
0x00007ff8c2af0000 - 0x00007ff8c2afc000 	C:\Users\carlos\.jdks\ms-21.0.7\bin\vcruntime140_1.dll
0x00007ff8a8860000 - 0x00007ff8a88ed000 	C:\Users\carlos\.jdks\ms-21.0.7\bin\msvcp140.dll
0x00007ff880bd0000 - 0x00007ff881968000 	C:\Users\carlos\.jdks\ms-21.0.7\bin\server\jvm.dll
0x00007ff8e5230000 - 0x00007ff8e52e1000 	C:\WINDOWS\System32\ADVAPI32.dll
0x00007ff8e48a0000 - 0x00007ff8e493f000 	C:\WINDOWS\System32\sechost.dll
0x00007ff8e5350000 - 0x00007ff8e5473000 	C:\WINDOWS\System32\RPCRT4.dll
0x00007ff8e2fa0000 - 0x00007ff8e2fc7000 	C:\WINDOWS\System32\bcrypt.dll
0x00007ff8e4ea0000 - 0x00007ff8e4f0b000 	C:\WINDOWS\System32\WS2_32.dll
0x00007ff8d8b40000 - 0x00007ff8d8b4a000 	C:\WINDOWS\SYSTEM32\VERSION.dll
0x00007ff8d3a10000 - 0x00007ff8d3a37000 	C:\WINDOWS\SYSTEM32\WINMM.dll
0x00007ff8e2a00000 - 0x00007ff8e2a4b000 	C:\WINDOWS\SYSTEM32\POWRPROF.dll
0x00007ff8e29e0000 - 0x00007ff8e29f2000 	C:\WINDOWS\SYSTEM32\UMPDC.dll
0x00007ff8e0cf0000 - 0x00007ff8e0d02000 	C:\WINDOWS\SYSTEM32\kernel.appcore.dll
0x00007ff8c2560000 - 0x00007ff8c256a000 	C:\Users\carlos\.jdks\ms-21.0.7\bin\jimage.dll
0x00007ff8cb280000 - 0x00007ff8cb481000 	C:\WINDOWS\SYSTEM32\DBGHELP.DLL
0x00007ff8c1880000 - 0x00007ff8c18b4000 	C:\WINDOWS\SYSTEM32\dbgcore.DLL
0x00007ff8e2f10000 - 0x00007ff8e2f92000 	C:\WINDOWS\System32\bcryptPrimitives.dll
0x00007ff8bdaf0000 - 0x00007ff8bdaff000 	C:\Users\carlos\.jdks\ms-21.0.7\bin\instrument.dll
0x00007ff8abce0000 - 0x00007ff8abd00000 	C:\Users\carlos\.jdks\ms-21.0.7\bin\java.dll
0x00007ff8e3fa0000 - 0x00007ff8e470e000 	C:\WINDOWS\System32\SHELL32.dll
0x00007ff8e0ef0000 - 0x00007ff8e1694000 	C:\WINDOWS\SYSTEM32\windows.storage.dll
0x00007ff8e4a50000 - 0x00007ff8e4da3000 	C:\WINDOWS\System32\combase.dll
0x00007ff8e2850000 - 0x00007ff8e287b000 	C:\WINDOWS\SYSTEM32\Wldp.dll
0x00007ff8e5480000 - 0x00007ff8e554d000 	C:\WINDOWS\System32\OLEAUT32.dll
0x00007ff8e5710000 - 0x00007ff8e57bd000 	C:\WINDOWS\System32\SHCORE.dll
0x00007ff8e4e40000 - 0x00007ff8e4e9b000 	C:\WINDOWS\System32\shlwapi.dll
0x00007ff8e2dc0000 - 0x00007ff8e2de4000 	C:\WINDOWS\SYSTEM32\profapi.dll
0x00007ff8a7030000 - 0x00007ff8a7106000 	C:\Users\carlos\.jdks\ms-21.0.7\bin\jsvml.dll
0x00007ff8ab670000 - 0x00007ff8ab688000 	C:\Users\carlos\.jdks\ms-21.0.7\bin\zip.dll
0x00007ff8c21e0000 - 0x00007ff8c21f0000 	C:\Users\carlos\.jdks\ms-21.0.7\bin\net.dll
0x00007ff8dcc90000 - 0x00007ff8dcd9a000 	C:\WINDOWS\SYSTEM32\WINHTTP.dll
0x00007ff8e2500000 - 0x00007ff8e256a000 	C:\WINDOWS\system32\mswsock.dll
0x00007ff8ab690000 - 0x00007ff8ab6a6000 	C:\Users\carlos\.jdks\ms-21.0.7\bin\nio.dll
0x00007ff8ab650000 - 0x00007ff8ab66a000 	C:\Program Files\JetBrains\IntelliJ IDEA Community Edition 2023.1.2\bin\breakgen64.dll
0x00007ff8b2fe0000 - 0x00007ff8b2fe9000 	C:\Users\carlos\.jdks\ms-21.0.7\bin\extnet.dll

dbghelp: loaded successfully - version: 4.0.5 - missing functions: none
symbol engine: initialized successfully - sym options: 0x614 - pdb path: .;C:\Users\carlos\.jdks\ms-21.0.7\bin;C:\WINDOWS\SYSTEM32;C:\WINDOWS\WinSxS\amd64_microsoft.windows.common-controls_6595b64144ccf1df_6.0.19041.5915_none_60b4b9d171f9c7c7;C:\Users\carlos\.jdks\ms-21.0.7\bin\server;C:\Program Files\JetBrains\IntelliJ IDEA Community Edition 2023.1.2\bin

VM Arguments:
jvm_args: -Dmaven.multiModuleProjectDirectory=C:\Users\carlos -Djansi.passthrough=true -Dmaven.home=C:\Users\carlos\.m2\wrapper\dists\apache-maven-3.9.10-bin\53h08a94dg6djh6umvruv7q564\apache-maven-3.9.10 -Dclassworlds.conf=C:\Users\carlos\.m2\wrapper\dists\apache-maven-3.9.10-bin\53h08a94dg6djh6umvruv7q564\apache-maven-3.9.10\bin\m2.conf -Dmaven.ext.class.path=C:\Program Files\JetBrains\IntelliJ IDEA Community Edition 2023.1.2\plugins\maven\lib\maven-event-listener.jar -javaagent:C:\Program Files\JetBrains\IntelliJ IDEA Community Edition 2023.1.2\lib\idea_rt.jar=52597:C:\Program Files\JetBrains\IntelliJ IDEA Community Edition 2023.1.2\bin -Dfile.encoding=UTF-8 -Dsun.stdout.encoding=UTF-8 -Dsun.stderr.encoding=UTF-8 
java_command: org.codehaus.classworlds.Launcher -Didea.version=2024.1 clean
java_class_path (initial): C:\Users\carlos\.m2\wrapper\dists\apache-maven-3.9.10-bin\53h08a94dg6djh6umvruv7q564\apache-maven-3.9.10\boot\plexus-classworlds-2.9.0.jar;C:\Users\carlos\.m2\wrapper\dists\apache-maven-3.9.10-bin\53h08a94dg6djh6umvruv7q564\apache-maven-3.9.10\boot\plexus-classworlds.license
Launcher Type: SUN_STANDARD

[Global flags]
     intx CICompilerCount                          = 12                                        {product} {ergonomic}
     uint ConcGCThreads                            = 3                                         {product} {ergonomic}
     uint G1ConcRefinementThreads                  = 13                                        {product} {ergonomic}
   size_t G1HeapRegionSize                         = 2097152                                   {product} {ergonomic}
    uintx GCDrainStackTargetSize                   = 64                                        {product} {ergonomic}
   size_t InitialHeapSize                          = 268435456                                 {product} {ergonomic}
   size_t MarkStackSize                            = 4194304                                   {product} {ergonomic}
   size_t MaxHeapSize                              = 4284481536                                {product} {ergonomic}
   size_t MaxNewSize                               = 2569011200                                {product} {ergonomic}
   size_t MinHeapDeltaBytes                        = 2097152                                   {product} {ergonomic}
   size_t MinHeapSize                              = 8388608                                   {product} {ergonomic}
    uintx NonNMethodCodeHeapSize                   = 7602480                                {pd product} {ergonomic}
    uintx NonProfiledCodeHeapSize                  = 122027880                              {pd product} {ergonomic}
    uintx ProfiledCodeHeapSize                     = 122027880                              {pd product} {ergonomic}
    uintx ReservedCodeCacheSize                    = 251658240                              {pd product} {ergonomic}
     bool SegmentedCodeCache                       = true                                      {product} {ergonomic}
   size_t SoftMaxHeapSize                          = 4284481536                             {manageable} {ergonomic}
     bool UseCompressedOops                        = true                           {product lp64_product} {ergonomic}
     bool UseG1GC                                  = true                                      {product} {ergonomic}
     bool UseLargePagesIndividualAllocation        = false                                  {pd product} {ergonomic}

Logging:
Log output configuration:
 #0: stdout all=warning uptime,level,tags foldmultilines=false
 #1: stderr all=off uptime,level,tags foldmultilines=false

Environment Variables:
JAVA_HOME=C:\Program Files\AdoptOpenJDK\jdk-23
CLASSPATH=C:\Users\carlos\OneDrive\Escritorio\eacs para hacer\C:\Users\carlos\OneDrive\Escritorio\eacs para hacer\derby\lib\derby.jar;C:\Users\carlos\OneDrive\Escritorio\eacs para hacer\derbytools.jar;
PATH=C:\Program Files\Common Files\Oracle\Java\javapath;C:\Python312\Scripts\;C:\Python312\;C:\Program Files (x86)\Common Files\Intel\Shared Libraries\redist\intel64\compiler;C:\Program Files (x86)\Common Files\Intel\Shared Libraries\redist\ia32_win\compiler;C:\Windows\system32;C:\Windows;C:\Windows\System32\Wbem;C:\Windows\System32\WindowsPowerShell\v1.0\;C:\Program Files (x86)\NVIDIA Corporation\PhysX\Common;C:\WINDOWS\system32;C:\WINDOWS;C:\WINDOWS\System32\Wbem;C:\WINDOWS\System32\WindowsPowerShell\v1.0\;C:\WINDOWS\System32\OpenSSH\;C:\Program Files\dotnet\;C:\ProgramData\chocolatey\bin;C:\Program Files\nodejs\;C:\Program Files\Docker\Docker\resources\bin;C:\Program Files\Git\cmd;C:\xampp\php;C:\Program Files\NVIDIA Corporation\NVIDIA NvDLISR;JAVA_HOME;C:\Program Files\AutoFirma\AutoFirma;C:\Program Files\MySQL\MySQL Shell 8.0\bin\;C:\Users\carlos\AppData\Local\Microsoft\WindowsApps;C:\Users\carlos\AppData\Local\Microsoft\WindowsApps;C:\Users\carlos\.dotnet\tools;C:\Users\carlos\AppData\Local\Programs\Microsoft VS Code\bin;C:\Users\carlos\AppData\Roaming\npm;C:\Program Files\Java\jdk-17\bin;JAVA_HOME;C:\Users\carlos\AppData\Local\Muse Hub\lib
USERNAME=carlos
OS=Windows_NT
PROCESSOR_IDENTIFIER=AMD64 Family 23 Model 1 Stepping 1, AuthenticAMD
TMP=C:\Users\carlos\AppData\Local\Temp
TEMP=C:\Users\carlos\AppData\Local\Temp




Periodic native trim disabled

---------------  S Y S T E M  ---------------

OS:
 Windows 10 , 64 bit Build 19041 (10.0.19041.5915)
OS uptime: 0 days 7:06 hours
Hyper-V role detected

CPU: total 16 (initial active 16) (16 cores per cpu, 2 threads per core) family 23 model 1 stepping 1 microcode 0x0, cx8, cmov, fxsr, ht, mmx, 3dnowpref, sse, sse2, sse3, ssse3, sse4a, sse4.1, sse4.2, popcnt, lzcnt, tsc, tscinvbit, avx, avx2, aes, clmul, bmi1, bmi2, adx, sha, fma, vzeroupper, clflush, clflushopt, hv, rdtscp, f16c
Processor Information for the first 16 processors :
  Max Mhz: 3000, Current Mhz: 3000, Mhz Limit: 3000

Memory: 4k page, system-wide physical 16336M (1972M free)
TotalPageFile size 23540M (AvailPageFile size 2M)
current process WorkingSet (physical memory assigned to process): 44M, peak: 44M
current process commit charge ("private bytes"): 354M, peak: 354M

vm_info: OpenJDK 64-Bit Server VM (21.0.7+6-LTS) for windows-amd64 JRE (21.0.7+6-LTS), built on 2025-04-09T22:17:25Z by "MicrosoftCorporation" with unknown MS VC++:1939

END.
